Using pre-set license
Built from '2022.1/staging' branch; Version is '2022.1.16f1 (7321c9670bc2) revision 7545289'; Using compiler version '192829333'; Build Type 'Release'
OS: 'Windows 11  (10.0.22000) 64bit Core' Language: 'en' Physical Memory: 32674 MB
BatchMode: 1, IsHumanControllingUs: 0, StartBugReporterOnCrash: 0, Is64bit: 1, IsPro: 1

COMMAND LINE ARGUMENTS:
C:\Program Files\UnityEditors\2022.1.16f1\Editor\Unity.exe
-adb2
-batchMode
-noUpm
-name
AssetImportWorker1
-projectPath
D:/Computer Science/Unity/Current Games/Suxtion/SuxtionGame
-logFile
Logs/AssetImportWorker1.log
-srvPort
49975
Successfully changed project path to: D:/Computer Science/Unity/Current Games/Suxtion/SuxtionGame
D:/Computer Science/Unity/Current Games/Suxtion/SuxtionGame
[UnityMemory] Configuration Parameters - Can be set up in boot.config
    "memorysetup-bucket-allocator-granularity=16"
    "memorysetup-bucket-allocator-bucket-count=8"
    "memorysetup-bucket-allocator-block-size=33554432"
    "memorysetup-bucket-allocator-block-count=8"
    "memorysetup-main-allocator-block-size=16777216"
    "memorysetup-thread-allocator-block-size=16777216"
    "memorysetup-gfx-main-allocator-block-size=16777216"
    "memorysetup-gfx-thread-allocator-block-size=16777216"
    "memorysetup-cache-allocator-block-size=4194304"
    "memorysetup-typetree-allocator-block-size=2097152"
    "memorysetup-profiler-bucket-allocator-granularity=16"
    "memorysetup-profiler-bucket-allocator-bucket-count=8"
    "memorysetup-profiler-bucket-allocator-block-size=33554432"
    "memorysetup-profiler-bucket-allocator-block-count=8"
    "memorysetup-profiler-allocator-block-size=16777216"
    "memorysetup-profiler-editor-allocator-block-size=1048576"
    "memorysetup-temp-allocator-size-main=16777216"
    "memorysetup-job-temp-allocator-block-size=2097152"
    "memorysetup-job-temp-allocator-block-size-background=1048576"
    "memorysetup-job-temp-allocator-reduction-small-platforms=262144"
    "memorysetup-temp-allocator-size-background-worker=32768"
    "memorysetup-temp-allocator-size-job-worker=262144"
    "memorysetup-temp-allocator-size-preload-manager=33554432"
    "memorysetup-temp-allocator-size-nav-mesh-worker=65536"
    "memorysetup-temp-allocator-size-audio-worker=65536"
    "memorysetup-temp-allocator-size-cloud-worker=32768"
    "memorysetup-temp-allocator-size-gi-baking-worker=262144"
    "memorysetup-temp-allocator-size-gfx=262144"
Refreshing native plugins compatible for Editor in 68.96 ms, found 3 plugins.
Preloading 0 native plugins for Editor in 0.00 ms.
Initialize engine version: 2022.1.16f1 (7321c9670bc2)
[Subsystems] Discovering subsystems at path C:/Program Files/UnityEditors/2022.1.16f1/Editor/Data/Resources/UnitySubsystems
[Subsystems] Discovering subsystems at path D:/Computer Science/Unity/Current Games/Suxtion/SuxtionGame/Assets
GfxDevice: creating device client; threaded=0; jobified=0
Direct3D:
    Version:  Direct3D 11.0 [level 11.1]
    Renderer: NVIDIA GeForce RTX 3080 (ID=0x2216)
    Vendor:   NVIDIA
    VRAM:     10078 MB
    Driver:   30.0.15.1215
Initialize mono
Mono path[0] = 'C:/Program Files/UnityEditors/2022.1.16f1/Editor/Data/Managed'
Mono path[1] = 'C:/Program Files/UnityEditors/2022.1.16f1/Editor/Data/MonoBleedingEdge/lib/mono/unityjit-win32'
Mono config path = 'C:/Program Files/UnityEditors/2022.1.16f1/Editor/Data/MonoBleedingEdge/etc'
Using monoOptions --debugger-agent=transport=dt_socket,embedding=1,server=y,suspend=n,address=127.0.0.1:56096
Begin MonoManager ReloadAssembly
Registering precompiled unity dll's ...
Register platform support module: C:/Program Files/UnityEditors/2022.1.16f1/Editor/Data/PlaybackEngines/AndroidPlayer/UnityEditor.Android.Extensions.dll
Register platform support module: C:/Program Files/UnityEditors/2022.1.16f1/Editor/Data/PlaybackEngines/WindowsStandaloneSupport/UnityEditor.WindowsStandalone.Extensions.dll
Registered in 0.003305 seconds.
Native extension for WindowsStandalone target not found
Native extension for Android target not found
Refreshing native plugins compatible for Editor in 68.29 ms, found 3 plugins.
Preloading 0 native plugins for Editor in 0.00 ms.
Mono: successfully reloaded assembly
- Completed reload, in  0.593 seconds
Domain Reload Profiling:
	ReloadAssembly (594ms)
		BeginReloadAssembly (60ms)
			ExecutionOrderSort (0ms)
			DisableScriptedObjects (0ms)
			BackupInstance (0ms)
			ReleaseScriptingObjects (0ms)
			CreateAndSetChildDomain (1ms)
		EndReloadAssembly (441ms)
			LoadAssemblies (59ms)
			RebuildTransferFunctionScriptingTraits (0ms)
			SetupTypeCache (105ms)
				TypeCache.Initialize (104ms)
					TypeCache.ScanAssembly (103ms)
				ResolveRequiredComponents (0ms)
			ReleaseScriptCaches (0ms)
			RebuildScriptCaches (26ms)
			SetupLoadedEditorAssemblies (264ms)
				LogAssemblyErrors (0ms)
				InitializePlatformSupportModulesInManaged (49ms)
				SetLoadedEditorAssemblies (8ms)
				RefreshPlugins (68ms)
				BeforeProcessingInitializeOnLoad (1ms)
				ProcessInitializeOnLoadAttributes (98ms)
				ProcessInitializeOnLoadMethodAttributes (40ms)
				AfterProcessingInitializeOnLoad (0ms)
				EditorAssembliesLoaded (0ms)
			ExecutionOrderSort2 (0ms)
			AwakeInstancesAfterBackupRestoration (0ms)
Platform modules already initialized, skipping
Registering precompiled user dll's ...
Registered in 0.003844 seconds.
Begin MonoManager ReloadAssembly
Symbol file LoadedFromMemory doesn't match image D:\Computer Science\Unity\Current Games\Suxtion\SuxtionGame\Library\PackageCache\com.unity.visualscripting@1.7.8\Editor\VisualScripting.Core\Dependencies\YamlDotNet\Unity.VisualScripting.YamlDotNet.dll
Symbol file LoadedFromMemory doesn't match image D:\Computer Science\Unity\Current Games\Suxtion\SuxtionGame\Library\PackageCache\com.unity.visualscripting@1.7.8\Editor\VisualScripting.Core\Dependencies\DotNetZip\Unity.VisualScripting.IonicZip.dll
Native extension for WindowsStandalone target not found
Native extension for Android target not found
Refreshing native plugins compatible for Editor in 0.48 ms, found 3 plugins.
Preloading 0 native plugins for Editor in 0.00 ms.
Mono: successfully reloaded assembly
- Completed reload, in  1.042 seconds
Domain Reload Profiling:
	ReloadAssembly (1043ms)
		BeginReloadAssembly (209ms)
			ExecutionOrderSort (0ms)
			DisableScriptedObjects (5ms)
			BackupInstance (0ms)
			ReleaseScriptingObjects (0ms)
			CreateAndSetChildDomain (129ms)
		EndReloadAssembly (732ms)
			LoadAssemblies (75ms)
			RebuildTransferFunctionScriptingTraits (0ms)
			SetupTypeCache (243ms)
				TypeCache.Initialize (239ms)
					TypeCache.ScanAssembly (235ms)
				ResolveRequiredComponents (4ms)
			ReleaseScriptCaches (1ms)
			RebuildScriptCaches (46ms)
			SetupLoadedEditorAssemblies (326ms)
				LogAssemblyErrors (0ms)
				InitializePlatformSupportModulesInManaged (12ms)
				SetLoadedEditorAssemblies (6ms)
				RefreshPlugins (1ms)
				BeforeProcessingInitializeOnLoad (71ms)
				ProcessInitializeOnLoadAttributes (206ms)
				ProcessInitializeOnLoadMethodAttributes (26ms)
				AfterProcessingInitializeOnLoad (6ms)
				EditorAssembliesLoaded (0ms)
			ExecutionOrderSort2 (0ms)
			AwakeInstancesAfterBackupRestoration (4ms)
Platform modules already initialized, skipping
========================================================================
Worker process is ready to serve import requests
Launched and connected shader compiler UnityShaderCompiler.exe after 0.03 seconds
Refreshing native plugins compatible for Editor in 0.50 ms, found 3 plugins.
Preloading 0 native plugins for Editor in 0.00 ms.
Unloading 3399 Unused Serialized files (Serialized files now loaded: 0)
Unloading 26 unused Assets / (58.3 KB). Loaded Objects now: 3861.
Memory consumption went from 0.51 GB to 0.51 GB.
Total: 3.052800 ms (FindLiveObjects: 0.251000 ms CreateObjectMapping: 0.154000 ms MarkObjects: 2.590100 ms  DeleteObjects: 0.057100 ms)

AssetImportParameters requested are different than current active one (requested -> active):
  custom:video-decoder-ogg-theora: a1e56fd34408186e4bbccfd4996cb3dc -> 
  custom:container-muxer-webm: aa71ff27fc2769a1b78a27578f13a17b -> 
  custom:container-demuxer-webm: 4f35f7cbe854078d1ac9338744f61a02 -> 
  custom:video-encoder-webm-vp8: eb34c28f22e8b96e1ab97ce403110664 -> 
  custom:audio-encoder-webm-vorbis: bf7c407c2cedff20999df2af8eb42d56 -> 
  custom:framework-win-MediaFoundation: 216162199b28c13a410421893ffa2e32 -> 
  custom:container-demuxer-ogg: 62fdf1f143b41e24485cea50d1cbac27 -> 
  custom:video-decoder-webm-vp8: 9c59270c3fd7afecdb556c50c9e8de78 -> 
  custom:audio-decoder-ogg-vorbis: bf7c407c2cedff20999df2af8eb42d56 -> 
========================================================================
Received Import Request.
  Time since last request: 101136.176252 seconds.
  path: Assets/UI Buttons/Psd file/buttons_pack.psd
  artifactKey: Guid(b270fd5ac9d113c42bb6e29555912cb3) Importer(815301076,1909f56bfc062723c751e8b465ee728b)
Start importing Assets/UI Buttons/Psd file/buttons_pack.psd using Guid(b270fd5ac9d113c42bb6e29555912cb3) Importer(815301076,1909f56bfc062723c751e8b465ee728b)  -> (artifact id: '2e31fbc290ce2888e8b9ec829db59968') in 0.068643 seconds 
========================================================================
Received Import Request.
  Time since last request: 14.468984 seconds.
  path: Assets/UI Buttons/Png Files/screen_4/screen_4/dialogue_2/dialogue_2.png
  artifactKey: Guid(302cd49c44f8ebf4f9f10820ada2616a) Importer(815301076,1909f56bfc062723c751e8b465ee728b)
Start importing Assets/UI Buttons/Png Files/screen_4/screen_4/dialogue_2/dialogue_2.png using Guid(302cd49c44f8ebf4f9f10820ada2616a) Importer(815301076,1909f56bfc062723c751e8b465ee728b)  -> (artifact id: '8cbb4fab1d859c644db8f5576127707e') in 0.058237 seconds 
========================================================================
Received Import Request.
  Time since last request: 0.000026 seconds.
  path: Assets/UI Buttons/Png Files/screen_4/screen_4/dialogue_2/dialogue_7.png
  artifactKey: Guid(1ee618bc477128743913dba129a7feb7) Importer(815301076,1909f56bfc062723c751e8b465ee728b)
Start importing Assets/UI Buttons/Png Files/screen_4/screen_4/dialogue_2/dialogue_7.png using Guid(1ee618bc477128743913dba129a7feb7) Importer(815301076,1909f56bfc062723c751e8b465ee728b)  -> (artifact id: '6e7de2e95caa87f5d40cfd529a44442c') in 0.027068 seconds 
========================================================================
Received Import Request.
  Time since last request: 0.000033 seconds.
  path: Assets/UI Buttons/Png Files/screen_4/screen_4/dialogue_2/dialogue_4.png
  artifactKey: Guid(400e652c4f593ce42a766739eb7b8085) Importer(815301076,1909f56bfc062723c751e8b465ee728b)
Start importing Assets/UI Buttons/Png Files/screen_4/screen_4/dialogue_2/dialogue_4.png using Guid(400e652c4f593ce42a766739eb7b8085) Importer(815301076,1909f56bfc062723c751e8b465ee728b)  -> (artifact id: '5113d9b2f26cc0ce64f6c0648f1d0be1') in 0.020226 seconds 
========================================================================
Received Import Request.
  Time since last request: 20.020277 seconds.
  path: Assets/Asset Store/UI Buttons/Png Files/screen_5/panel_2.png
  artifactKey: Guid(476c48768499dee438e09dba603bc8eb) Importer(815301076,1909f56bfc062723c751e8b465ee728b)
Start importing Assets/Asset Store/UI Buttons/Png Files/screen_5/panel_2.png using Guid(476c48768499dee438e09dba603bc8eb) Importer(815301076,1909f56bfc062723c751e8b465ee728b)  -> (artifact id: '71fd08b37ae9a29200692f2e56bc3ae8') in 0.020616 seconds 
========================================================================
Received Import Request.
  Time since last request: 0.000025 seconds.
  path: Assets/Asset Store/UI Buttons/Png Files/screen_5/tab_2.png
  artifactKey: Guid(26b09aa233a440845b3200626a5201a0) Importer(815301076,1909f56bfc062723c751e8b465ee728b)
Start importing Assets/Asset Store/UI Buttons/Png Files/screen_5/tab_2.png using Guid(26b09aa233a440845b3200626a5201a0) Importer(815301076,1909f56bfc062723c751e8b465ee728b)  -> (artifact id: '7f8c276548f8f8a2950c640902b91029') in 0.025386 seconds 
========================================================================
Received Import Request.
  Time since last request: 31.840099 seconds.
  path: Assets/Asset Store/UI Buttons/Png Files/screen_2/button_2.png
  artifactKey: Guid(1874e59933994254b9a864c71edcd005) Importer(815301076,1909f56bfc062723c751e8b465ee728b)
Start importing Assets/Asset Store/UI Buttons/Png Files/screen_2/button_2.png using Guid(1874e59933994254b9a864c71edcd005) Importer(815301076,1909f56bfc062723c751e8b465ee728b)  -> (artifact id: '7773cefb40d4fc063ee9924238a0d090') in 0.021077 seconds 
========================================================================
Received Import Request.
  Time since last request: 0.000018 seconds.
  path: Assets/Asset Store/UI Buttons/Png Files/screen_2/button_7.png
  artifactKey: Guid(f12f7d96ffcb3334e9e53f0692f84203) Importer(815301076,1909f56bfc062723c751e8b465ee728b)
Start importing Assets/Asset Store/UI Buttons/Png Files/screen_2/button_7.png using Guid(f12f7d96ffcb3334e9e53f0692f84203) Importer(815301076,1909f56bfc062723c751e8b465ee728b)  -> (artifact id: '9b02468c2e7b21b1a55e1d75212c91cb') in 0.018224 seconds 
========================================================================
Received Import Request.
  Time since last request: 0.000018 seconds.
  path: Assets/Asset Store/UI Buttons/Png Files/screen_2/button_12.png
  artifactKey: Guid(7a13feef8a9210144b75a24e3bcd9f0e) Importer(815301076,1909f56bfc062723c751e8b465ee728b)
Start importing Assets/Asset Store/UI Buttons/Png Files/screen_2/button_12.png using Guid(7a13feef8a9210144b75a24e3bcd9f0e) Importer(815301076,1909f56bfc062723c751e8b465ee728b)  -> (artifact id: 'cb33d21283f11e80b0a145d2672babe2') in 0.019550 seconds 
========================================================================
Received Import Request.
  Time since last request: 0.000022 seconds.
  path: Assets/Asset Store/UI Buttons/Png Files/screen_2/button_3.png
  artifactKey: Guid(8b08ada9afa094a4785333f5e1e45026) Importer(815301076,1909f56bfc062723c751e8b465ee728b)
Start importing Assets/Asset Store/UI Buttons/Png Files/screen_2/button_3.png using Guid(8b08ada9afa094a4785333f5e1e45026) Importer(815301076,1909f56bfc062723c751e8b465ee728b)  -> (artifact id: 'f3d24dd42a6667b59cb7dcadc4e30fb1') in 0.018226 seconds 
========================================================================
Received Import Request.
  Time since last request: 0.000015 seconds.
  path: Assets/Asset Store/UI Buttons/Png Files/screen_2/button_4.png
  artifactKey: Guid(02326b40d03b77d4baed74acd5ada6e7) Importer(815301076,1909f56bfc062723c751e8b465ee728b)
Start importing Assets/Asset Store/UI Buttons/Png Files/screen_2/button_4.png using Guid(02326b40d03b77d4baed74acd5ada6e7) Importer(815301076,1909f56bfc062723c751e8b465ee728b)  -> (artifact id: '55e740262ff0e797bdddabdd9dd6f5e1') in 0.017398 seconds 
========================================================================
Received Import Request.
  Time since last request: 0.000023 seconds.
  path: Assets/Asset Store/UI Buttons/Png Files/screen_2/button_6.png
  artifactKey: Guid(a3d5bb263ceed974f982d212656b1796) Importer(815301076,1909f56bfc062723c751e8b465ee728b)
Start importing Assets/Asset Store/UI Buttons/Png Files/screen_2/button_6.png using Guid(a3d5bb263ceed974f982d212656b1796) Importer(815301076,1909f56bfc062723c751e8b465ee728b)  -> (artifact id: 'd0b85434b0f229f6feae483aac63d5b4') in 0.018419 seconds 
========================================================================
Received Import Request.
  Time since last request: 2.518501 seconds.
  path: Assets/Asset Store/UI Buttons/Png Files/screen_3/play_2.png
  artifactKey: Guid(cff4c263bce285146bb1c19ff9e21581) Importer(815301076,1909f56bfc062723c751e8b465ee728b)
Start importing Assets/Asset Store/UI Buttons/Png Files/screen_3/play_2.png using Guid(cff4c263bce285146bb1c19ff9e21581) Importer(815301076,1909f56bfc062723c751e8b465ee728b)  -> (artifact id: 'e9b58ebf99511eceb884326fc1fedff4') in 0.023314 seconds 
========================================================================
Received Import Request.
  Time since last request: 0.000022 seconds.
  path: Assets/Asset Store/UI Buttons/Png Files/screen_3/title_4.png
  artifactKey: Guid(446bb8e2041fc5646941d19dd53abd01) Importer(815301076,1909f56bfc062723c751e8b465ee728b)
Start importing Assets/Asset Store/UI Buttons/Png Files/screen_3/title_4.png using Guid(446bb8e2041fc5646941d19dd53abd01) Importer(815301076,1909f56bfc062723c751e8b465ee728b)  -> (artifact id: 'e8b17c7b2d5e0ecf1bb8804c72ad997d') in 0.017358 seconds 
========================================================================
Received Import Request.
  Time since last request: 0.000022 seconds.
  path: Assets/Asset Store/UI Buttons/Png Files/screen_3/title_3.png
  artifactKey: Guid(b121471b932f7d441851d9a5df84f51a) Importer(815301076,1909f56bfc062723c751e8b465ee728b)
Start importing Assets/Asset Store/UI Buttons/Png Files/screen_3/title_3.png using Guid(b121471b932f7d441851d9a5df84f51a) Importer(815301076,1909f56bfc062723c751e8b465ee728b)  -> (artifact id: '943ef8c408a91f553d0a12d779979cdf') in 0.016977 seconds 
========================================================================
Received Import Request.
  Time since last request: 0.000024 seconds.
  path: Assets/Asset Store/UI Buttons/Png Files/screen_3/title_2.png
  artifactKey: Guid(beb94a5fe6269fc48b8c7d379484b3a3) Importer(815301076,1909f56bfc062723c751e8b465ee728b)
Start importing Assets/Asset Store/UI Buttons/Png Files/screen_3/title_2.png using Guid(beb94a5fe6269fc48b8c7d379484b3a3) Importer(815301076,1909f56bfc062723c751e8b465ee728b)  -> (artifact id: '8775866a1e5f18c249a2760d72ddd308') in 0.017504 seconds 
========================================================================
Received Import Request.
  Time since last request: 1.293675 seconds.
  path: Assets/Asset Store/UI Buttons/Png Files/screen_3/loading/loading_fill.png
  artifactKey: Guid(ca9ad51ede189d143897c1e9ed837bf9) Importer(815301076,1909f56bfc062723c751e8b465ee728b)
Start importing Assets/Asset Store/UI Buttons/Png Files/screen_3/loading/loading_fill.png using Guid(ca9ad51ede189d143897c1e9ed837bf9) Importer(815301076,1909f56bfc062723c751e8b465ee728b)  -> (artifact id: '8afcd7e6a7c8ee2ebaad2649467f6254') in 0.016589 seconds 
========================================================================
Received Import Request.
  Time since last request: 0.000034 seconds.
  path: Assets/Asset Store/UI Buttons/Png Files/screen_3/loading/loading_fill_2.png
  artifactKey: Guid(a33039ab4545d2c48be7bc65c69c844f) Importer(815301076,1909f56bfc062723c751e8b465ee728b)
Start importing Assets/Asset Store/UI Buttons/Png Files/screen_3/loading/loading_fill_2.png using Guid(a33039ab4545d2c48be7bc65c69c844f) Importer(815301076,1909f56bfc062723c751e8b465ee728b)  -> (artifact id: '25f0a2855b007a57f3a57e6cd36f12d2') in 0.013537 seconds 
========================================================================
Received Import Request.
  Time since last request: 7.414729 seconds.
  path: Assets/Asset Store/UI Buttons/Png Files/screen_4/screen_4/dialogue_1/dialogue_1-1.png
  artifactKey: Guid(a06a1d64d26fd3d4badbeb0c8e96ae25) Importer(815301076,1909f56bfc062723c751e8b465ee728b)
Start importing Assets/Asset Store/UI Buttons/Png Files/screen_4/screen_4/dialogue_1/dialogue_1-1.png using Guid(a06a1d64d26fd3d4badbeb0c8e96ae25) Importer(815301076,1909f56bfc062723c751e8b465ee728b)  -> (artifact id: '5aa76c57a7e6f9a2994b7209890d3972') in 0.167889 seconds 
========================================================================
Received Import Request.
  Time since last request: 0.000030 seconds.
  path: Assets/Asset Store/UI Buttons/Png Files/screen_4/screen_4/dialogue_1/dialogue_4.png
  artifactKey: Guid(ccbb2d87c3396d14986cfb0135c1ca0a) Importer(815301076,1909f56bfc062723c751e8b465ee728b)
Start importing Assets/Asset Store/UI Buttons/Png Files/screen_4/screen_4/dialogue_1/dialogue_4.png using Guid(ccbb2d87c3396d14986cfb0135c1ca0a) Importer(815301076,1909f56bfc062723c751e8b465ee728b)  -> (artifact id: 'fe8acc91a251efdbd8ab0f87656721b8') in 0.029274 seconds 
========================================================================
Received Prepare
Registering precompiled user dll's ...
Registered in 0.003743 seconds.
Begin MonoManager ReloadAssembly
Symbol file LoadedFromMemory doesn't match image D:\Computer Science\Unity\Current Games\Suxtion\SuxtionGame\Library\PackageCache\com.unity.visualscripting@1.7.8\Editor\VisualScripting.Core\Dependencies\YamlDotNet\Unity.VisualScripting.YamlDotNet.dll
Symbol file LoadedFromMemory doesn't match image D:\Computer Science\Unity\Current Games\Suxtion\SuxtionGame\Library\PackageCache\com.unity.visualscripting@1.7.8\Editor\VisualScripting.Core\Dependencies\DotNetZip\Unity.VisualScripting.IonicZip.dll
Native extension for WindowsStandalone target not found
Native extension for Android target not found
Refreshing native plugins compatible for Editor in 0.50 ms, found 3 plugins.
Preloading 0 native plugins for Editor in 0.00 ms.
Mono: successfully reloaded assembly
- Completed reload, in  0.908 seconds
Domain Reload Profiling:
	ReloadAssembly (909ms)
		BeginReloadAssembly (116ms)
			ExecutionOrderSort (0ms)
			DisableScriptedObjects (5ms)
			BackupInstance (0ms)
			ReleaseScriptingObjects (0ms)
			CreateAndSetChildDomain (34ms)
		EndReloadAssembly (709ms)
			LoadAssemblies (71ms)
			RebuildTransferFunctionScriptingTraits (0ms)
			SetupTypeCache (244ms)
				TypeCache.Initialize (240ms)
					TypeCache.ScanAssembly (234ms)
				ResolveRequiredComponents (4ms)
			ReleaseScriptCaches (1ms)
			RebuildScriptCaches (37ms)
			SetupLoadedEditorAssemblies (307ms)
				LogAssemblyErrors (0ms)
				InitializePlatformSupportModulesInManaged (18ms)
				SetLoadedEditorAssemblies (6ms)
				RefreshPlugins (1ms)
				BeforeProcessingInitializeOnLoad (53ms)
				ProcessInitializeOnLoadAttributes (199ms)
				ProcessInitializeOnLoadMethodAttributes (26ms)
				AfterProcessingInitializeOnLoad (5ms)
				EditorAssembliesLoaded (0ms)
			ExecutionOrderSort2 (0ms)
			AwakeInstancesAfterBackupRestoration (5ms)
Platform modules already initialized, skipping
Refreshing native plugins compatible for Editor in 1.41 ms, found 3 plugins.
Preloading 0 native plugins for Editor in 0.00 ms.
Unloading 3405 Unused Serialized files (Serialized files now loaded: 0)
Unloading 32 unused Assets / (0.7 MB). Loaded Objects now: 3906.
Memory consumption went from 0.52 GB to 0.51 GB.
Total: 3.003600 ms (FindLiveObjects: 0.284800 ms CreateObjectMapping: 0.196700 ms MarkObjects: 2.211400 ms  DeleteObjects: 0.309900 ms)

AssetImportParameters requested are different than current active one (requested -> active):
  custom:video-decoder-ogg-theora: a1e56fd34408186e4bbccfd4996cb3dc -> 
  custom:container-muxer-webm: aa71ff27fc2769a1b78a27578f13a17b -> 
  custom:container-demuxer-webm: 4f35f7cbe854078d1ac9338744f61a02 -> 
  custom:video-encoder-webm-vp8: eb34c28f22e8b96e1ab97ce403110664 -> 
  custom:audio-encoder-webm-vorbis: bf7c407c2cedff20999df2af8eb42d56 -> 
  custom:framework-win-MediaFoundation: 216162199b28c13a410421893ffa2e32 -> 
  custom:container-demuxer-ogg: 62fdf1f143b41e24485cea50d1cbac27 -> 
  custom:video-decoder-webm-vp8: 9c59270c3fd7afecdb556c50c9e8de78 -> 
  custom:audio-decoder-ogg-vorbis: bf7c407c2cedff20999df2af8eb42d56 -> 
========================================================================
Received Prepare
Registering precompiled user dll's ...
Registered in 0.004218 seconds.
Begin MonoManager ReloadAssembly
Symbol file LoadedFromMemory doesn't match image D:\Computer Science\Unity\Current Games\Suxtion\SuxtionGame\Library\PackageCache\com.unity.visualscripting@1.7.8\Editor\VisualScripting.Core\Dependencies\YamlDotNet\Unity.VisualScripting.YamlDotNet.dll
Symbol file LoadedFromMemory doesn't match image D:\Computer Science\Unity\Current Games\Suxtion\SuxtionGame\Library\PackageCache\com.unity.visualscripting@1.7.8\Editor\VisualScripting.Core\Dependencies\DotNetZip\Unity.VisualScripting.IonicZip.dll
Native extension for WindowsStandalone target not found
Native extension for Android target not found
Refreshing native plugins compatible for Editor in 0.52 ms, found 3 plugins.
Preloading 0 native plugins for Editor in 0.00 ms.
Mono: successfully reloaded assembly
- Completed reload, in  0.915 seconds
Domain Reload Profiling:
	ReloadAssembly (915ms)
		BeginReloadAssembly (116ms)
			ExecutionOrderSort (0ms)
			DisableScriptedObjects (5ms)
			BackupInstance (0ms)
			ReleaseScriptingObjects (0ms)
			CreateAndSetChildDomain (34ms)
		EndReloadAssembly (716ms)
			LoadAssemblies (78ms)
			RebuildTransferFunctionScriptingTraits (0ms)
			SetupTypeCache (243ms)
				TypeCache.Initialize (240ms)
					TypeCache.ScanAssembly (235ms)
				ResolveRequiredComponents (4ms)
			ReleaseScriptCaches (1ms)
			RebuildScriptCaches (36ms)
			SetupLoadedEditorAssemblies (312ms)
				LogAssemblyErrors (0ms)
				InitializePlatformSupportModulesInManaged (20ms)
				SetLoadedEditorAssemblies (6ms)
				RefreshPlugins (1ms)
				BeforeProcessingInitializeOnLoad (54ms)
				ProcessInitializeOnLoadAttributes (200ms)
				ProcessInitializeOnLoadMethodAttributes (25ms)
				AfterProcessingInitializeOnLoad (5ms)
				EditorAssembliesLoaded (0ms)
			ExecutionOrderSort2 (0ms)
			AwakeInstancesAfterBackupRestoration (5ms)
Platform modules already initialized, skipping
Refreshing native plugins compatible for Editor in 1.36 ms, found 3 plugins.
Preloading 0 native plugins for Editor in 0.00 ms.
Unloading 3406 Unused Serialized files (Serialized files now loaded: 0)
Unloading 32 unused Assets / (0.7 MB). Loaded Objects now: 3909.
Memory consumption went from 0.52 GB to 0.52 GB.
Total: 2.999000 ms (FindLiveObjects: 0.258000 ms CreateObjectMapping: 0.215200 ms MarkObjects: 2.164700 ms  DeleteObjects: 0.360200 ms)

AssetImportParameters requested are different than current active one (requested -> active):
  custom:video-decoder-ogg-theora: a1e56fd34408186e4bbccfd4996cb3dc -> 
  custom:container-muxer-webm: aa71ff27fc2769a1b78a27578f13a17b -> 
  custom:container-demuxer-webm: 4f35f7cbe854078d1ac9338744f61a02 -> 
  custom:video-encoder-webm-vp8: eb34c28f22e8b96e1ab97ce403110664 -> 
  custom:audio-encoder-webm-vorbis: bf7c407c2cedff20999df2af8eb42d56 -> 
  custom:framework-win-MediaFoundation: 216162199b28c13a410421893ffa2e32 -> 
  custom:container-demuxer-ogg: 62fdf1f143b41e24485cea50d1cbac27 -> 
  custom:video-decoder-webm-vp8: 9c59270c3fd7afecdb556c50c9e8de78 -> 
  custom:audio-decoder-ogg-vorbis: bf7c407c2cedff20999df2af8eb42d56 -> 
========================================================================
Received Prepare
Registering precompiled user dll's ...
Registered in 0.003793 seconds.
Begin MonoManager ReloadAssembly
Symbol file LoadedFromMemory doesn't match image D:\Computer Science\Unity\Current Games\Suxtion\SuxtionGame\Library\PackageCache\com.unity.visualscripting@1.7.8\Editor\VisualScripting.Core\Dependencies\YamlDotNet\Unity.VisualScripting.YamlDotNet.dll
Symbol file LoadedFromMemory doesn't match image D:\Computer Science\Unity\Current Games\Suxtion\SuxtionGame\Library\PackageCache\com.unity.visualscripting@1.7.8\Editor\VisualScripting.Core\Dependencies\DotNetZip\Unity.VisualScripting.IonicZip.dll
Native extension for WindowsStandalone target not found
Native extension for Android target not found
Refreshing native plugins compatible for Editor in 0.51 ms, found 3 plugins.
Preloading 0 native plugins for Editor in 0.00 ms.
Mono: successfully reloaded assembly
- Completed reload, in  0.892 seconds
Domain Reload Profiling:
	ReloadAssembly (893ms)
		BeginReloadAssembly (112ms)
			ExecutionOrderSort (0ms)
			DisableScriptedObjects (5ms)
			BackupInstance (0ms)
			ReleaseScriptingObjects (0ms)
			CreateAndSetChildDomain (33ms)
		EndReloadAssembly (698ms)
			LoadAssemblies (73ms)
			RebuildTransferFunctionScriptingTraits (0ms)
			SetupTypeCache (258ms)
				TypeCache.Initialize (254ms)
					TypeCache.ScanAssembly (249ms)
				ResolveRequiredComponents (4ms)
			ReleaseScriptCaches (1ms)
			RebuildScriptCaches (35ms)
			SetupLoadedEditorAssemblies (287ms)
				LogAssemblyErrors (0ms)
				InitializePlatformSupportModulesInManaged (17ms)
				SetLoadedEditorAssemblies (6ms)
				RefreshPlugins (1ms)
				BeforeProcessingInitializeOnLoad (51ms)
				ProcessInitializeOnLoadAttributes (183ms)
				ProcessInitializeOnLoadMethodAttributes (24ms)
				AfterProcessingInitializeOnLoad (5ms)
				EditorAssembliesLoaded (0ms)
			ExecutionOrderSort2 (0ms)
			AwakeInstancesAfterBackupRestoration (5ms)
Platform modules already initialized, skipping
Refreshing native plugins compatible for Editor in 1.27 ms, found 3 plugins.
Preloading 0 native plugins for Editor in 0.00 ms.
Unloading 3407 Unused Serialized files (Serialized files now loaded: 0)
Unloading 32 unused Assets / (0.7 MB). Loaded Objects now: 3913.
Memory consumption went from 0.52 GB to 0.52 GB.
Total: 3.027600 ms (FindLiveObjects: 0.290500 ms CreateObjectMapping: 0.187900 ms MarkObjects: 2.257900 ms  DeleteObjects: 0.290500 ms)

AssetImportParameters requested are different than current active one (requested -> active):
  custom:video-decoder-ogg-theora: a1e56fd34408186e4bbccfd4996cb3dc -> 
  custom:container-muxer-webm: aa71ff27fc2769a1b78a27578f13a17b -> 
  custom:container-demuxer-webm: 4f35f7cbe854078d1ac9338744f61a02 -> 
  custom:video-encoder-webm-vp8: eb34c28f22e8b96e1ab97ce403110664 -> 
  custom:audio-encoder-webm-vorbis: bf7c407c2cedff20999df2af8eb42d56 -> 
  custom:framework-win-MediaFoundation: 216162199b28c13a410421893ffa2e32 -> 
  custom:container-demuxer-ogg: 62fdf1f143b41e24485cea50d1cbac27 -> 
  custom:video-decoder-webm-vp8: 9c59270c3fd7afecdb556c50c9e8de78 -> 
  custom:audio-decoder-ogg-vorbis: bf7c407c2cedff20999df2af8eb42d56 -> 
========================================================================
Received Prepare
Registering precompiled user dll's ...
Registered in 0.003827 seconds.
Begin MonoManager ReloadAssembly
Symbol file LoadedFromMemory doesn't match image D:\Computer Science\Unity\Current Games\Suxtion\SuxtionGame\Library\PackageCache\com.unity.visualscripting@1.7.8\Editor\VisualScripting.Core\Dependencies\YamlDotNet\Unity.VisualScripting.YamlDotNet.dll
Symbol file LoadedFromMemory doesn't match image D:\Computer Science\Unity\Current Games\Suxtion\SuxtionGame\Library\PackageCache\com.unity.visualscripting@1.7.8\Editor\VisualScripting.Core\Dependencies\DotNetZip\Unity.VisualScripting.IonicZip.dll
Native extension for WindowsStandalone target not found
Native extension for Android target not found
Refreshing native plugins compatible for Editor in 0.47 ms, found 3 plugins.
Preloading 0 native plugins for Editor in 0.00 ms.
Mono: successfully reloaded assembly
- Completed reload, in  0.888 seconds
Domain Reload Profiling:
	ReloadAssembly (889ms)
		BeginReloadAssembly (119ms)
			ExecutionOrderSort (0ms)
			DisableScriptedObjects (5ms)
			BackupInstance (0ms)
			ReleaseScriptingObjects (0ms)
			CreateAndSetChildDomain (31ms)
		EndReloadAssembly (684ms)
			LoadAssemblies (78ms)
			RebuildTransferFunctionScriptingTraits (0ms)
			SetupTypeCache (245ms)
				TypeCache.Initialize (241ms)
					TypeCache.ScanAssembly (236ms)
				ResolveRequiredComponents (4ms)
			ReleaseScriptCaches (1ms)
			RebuildScriptCaches (35ms)
			SetupLoadedEditorAssemblies (288ms)
				LogAssemblyErrors (0ms)
				InitializePlatformSupportModulesInManaged (18ms)
				SetLoadedEditorAssemblies (6ms)
				RefreshPlugins (1ms)
				BeforeProcessingInitializeOnLoad (51ms)
				ProcessInitializeOnLoadAttributes (183ms)
				ProcessInitializeOnLoadMethodAttributes (24ms)
				AfterProcessingInitializeOnLoad (5ms)
				EditorAssembliesLoaded (0ms)
			ExecutionOrderSort2 (0ms)
			AwakeInstancesAfterBackupRestoration (5ms)
Platform modules already initialized, skipping
Refreshing native plugins compatible for Editor in 1.38 ms, found 3 plugins.
Preloading 0 native plugins for Editor in 0.00 ms.
Unloading 3406 Unused Serialized files (Serialized files now loaded: 0)
Unloading 33 unused Assets / (0.7 MB). Loaded Objects now: 3915.
Memory consumption went from 0.52 GB to 0.52 GB.
Total: 2.889900 ms (FindLiveObjects: 0.282700 ms CreateObjectMapping: 0.195900 ms MarkObjects: 2.126700 ms  DeleteObjects: 0.283700 ms)

AssetImportParameters requested are different than current active one (requested -> active):
  custom:video-decoder-ogg-theora: a1e56fd34408186e4bbccfd4996cb3dc -> 
  custom:container-muxer-webm: aa71ff27fc2769a1b78a27578f13a17b -> 
  custom:container-demuxer-webm: 4f35f7cbe854078d1ac9338744f61a02 -> 
  custom:video-encoder-webm-vp8: eb34c28f22e8b96e1ab97ce403110664 -> 
  custom:audio-encoder-webm-vorbis: bf7c407c2cedff20999df2af8eb42d56 -> 
  custom:framework-win-MediaFoundation: 216162199b28c13a410421893ffa2e32 -> 
  custom:container-demuxer-ogg: 62fdf1f143b41e24485cea50d1cbac27 -> 
  custom:video-decoder-webm-vp8: 9c59270c3fd7afecdb556c50c9e8de78 -> 
  custom:audio-decoder-ogg-vorbis: bf7c407c2cedff20999df2af8eb42d56 -> 
========================================================================
Received Prepare
Registering precompiled user dll's ...
Registered in 0.003690 seconds.
Begin MonoManager ReloadAssembly
Symbol file LoadedFromMemory doesn't match image D:\Computer Science\Unity\Current Games\Suxtion\SuxtionGame\Library\PackageCache\com.unity.visualscripting@1.7.8\Editor\VisualScripting.Core\Dependencies\YamlDotNet\Unity.VisualScripting.YamlDotNet.dll
Symbol file LoadedFromMemory doesn't match image D:\Computer Science\Unity\Current Games\Suxtion\SuxtionGame\Library\PackageCache\com.unity.visualscripting@1.7.8\Editor\VisualScripting.Core\Dependencies\DotNetZip\Unity.VisualScripting.IonicZip.dll
Native extension for WindowsStandalone target not found
Native extension for Android target not found
Refreshing native plugins compatible for Editor in 0.53 ms, found 3 plugins.
Preloading 0 native plugins for Editor in 0.00 ms.
Mono: successfully reloaded assembly
- Completed reload, in  0.924 seconds
Domain Reload Profiling:
	ReloadAssembly (925ms)
		BeginReloadAssembly (113ms)
			ExecutionOrderSort (0ms)
			DisableScriptedObjects (5ms)
			BackupInstance (0ms)
			ReleaseScriptingObjects (0ms)
			CreateAndSetChildDomain (30ms)
		EndReloadAssembly (727ms)
			LoadAssemblies (78ms)
			RebuildTransferFunctionScriptingTraits (0ms)
			SetupTypeCache (279ms)
				TypeCache.Initialize (257ms)
					TypeCache.ScanAssembly (251ms)
				ResolveRequiredComponents (22ms)
			ReleaseScriptCaches (1ms)
			RebuildScriptCaches (34ms)
			SetupLoadedEditorAssemblies (294ms)
				LogAssemblyErrors (0ms)
				InitializePlatformSupportModulesInManaged (18ms)
				SetLoadedEditorAssemblies (6ms)
				RefreshPlugins (1ms)
				BeforeProcessingInitializeOnLoad (52ms)
				ProcessInitializeOnLoadAttributes (189ms)
				ProcessInitializeOnLoadMethodAttributes (24ms)
				AfterProcessingInitializeOnLoad (5ms)
				EditorAssembliesLoaded (0ms)
			ExecutionOrderSort2 (0ms)
			AwakeInstancesAfterBackupRestoration (5ms)
Platform modules already initialized, skipping
Refreshing native plugins compatible for Editor in 1.37 ms, found 3 plugins.
Preloading 0 native plugins for Editor in 0.00 ms.
Unloading 3407 Unused Serialized files (Serialized files now loaded: 0)
Unloading 32 unused Assets / (0.7 MB). Loaded Objects now: 3919.
Memory consumption went from 0.52 GB to 0.52 GB.
Total: 3.023400 ms (FindLiveObjects: 0.234100 ms CreateObjectMapping: 0.152600 ms MarkObjects: 2.356500 ms  DeleteObjects: 0.279500 ms)

AssetImportParameters requested are different than current active one (requested -> active):
  custom:video-decoder-ogg-theora: a1e56fd34408186e4bbccfd4996cb3dc -> 
  custom:container-muxer-webm: aa71ff27fc2769a1b78a27578f13a17b -> 
  custom:container-demuxer-webm: 4f35f7cbe854078d1ac9338744f61a02 -> 
  custom:video-encoder-webm-vp8: eb34c28f22e8b96e1ab97ce403110664 -> 
  custom:audio-encoder-webm-vorbis: bf7c407c2cedff20999df2af8eb42d56 -> 
  custom:framework-win-MediaFoundation: 216162199b28c13a410421893ffa2e32 -> 
  custom:container-demuxer-ogg: 62fdf1f143b41e24485cea50d1cbac27 -> 
  custom:video-decoder-webm-vp8: 9c59270c3fd7afecdb556c50c9e8de78 -> 
  custom:audio-decoder-ogg-vorbis: bf7c407c2cedff20999df2af8eb42d56 -> 
