Using pre-set license
Built from '2022.1/staging' branch; Version is '2022.1.16f1 (7321c9670bc2) revision 7545289'; Using compiler version '192829333'; Build Type 'Release'
OS: 'Windows 11  (10.0.22000) 64bit Core' Language: 'en' Physical Memory: 32674 MB
BatchMode: 1, IsHumanControllingUs: 0, StartBugReporterOnCrash: 0, Is64bit: 1, IsPro: 1

COMMAND LINE ARGUMENTS:
C:\Program Files\UnityEditors\2022.1.16f1\Editor\Unity.exe
-adb2
-batchMode
-noUpm
-name
AssetImportWorker0
-projectPath
D:/Computer Science/Unity/Current Games/Suxtion/SuxtionGame
-logFile
Logs/AssetImportWorker0.log
-srvPort
49975
Successfully changed project path to: D:/Computer Science/Unity/Current Games/Suxtion/SuxtionGame
D:/Computer Science/Unity/Current Games/Suxtion/SuxtionGame
[UnityMemory] Configuration Parameters - Can be set up in boot.config
    "memorysetup-bucket-allocator-granularity=16"
    "memorysetup-bucket-allocator-bucket-count=8"
    "memorysetup-bucket-allocator-block-size=33554432"
    "memorysetup-bucket-allocator-block-count=8"
    "memorysetup-main-allocator-block-size=16777216"
    "memorysetup-thread-allocator-block-size=16777216"
    "memorysetup-gfx-main-allocator-block-size=16777216"
    "memorysetup-gfx-thread-allocator-block-size=16777216"
    "memorysetup-cache-allocator-block-size=4194304"
    "memorysetup-typetree-allocator-block-size=2097152"
    "memorysetup-profiler-bucket-allocator-granularity=16"
    "memorysetup-profiler-bucket-allocator-bucket-count=8"
    "memorysetup-profiler-bucket-allocator-block-size=33554432"
    "memorysetup-profiler-bucket-allocator-block-count=8"
    "memorysetup-profiler-allocator-block-size=16777216"
    "memorysetup-profiler-editor-allocator-block-size=1048576"
    "memorysetup-temp-allocator-size-main=16777216"
    "memorysetup-job-temp-allocator-block-size=2097152"
    "memorysetup-job-temp-allocator-block-size-background=1048576"
    "memorysetup-job-temp-allocator-reduction-small-platforms=262144"
    "memorysetup-temp-allocator-size-background-worker=32768"
    "memorysetup-temp-allocator-size-job-worker=262144"
    "memorysetup-temp-allocator-size-preload-manager=33554432"
    "memorysetup-temp-allocator-size-nav-mesh-worker=65536"
    "memorysetup-temp-allocator-size-audio-worker=65536"
    "memorysetup-temp-allocator-size-cloud-worker=32768"
    "memorysetup-temp-allocator-size-gi-baking-worker=262144"
    "memorysetup-temp-allocator-size-gfx=262144"
Refreshing native plugins compatible for Editor in 68.69 ms, found 3 plugins.
Preloading 0 native plugins for Editor in 0.00 ms.
Initialize engine version: 2022.1.16f1 (7321c9670bc2)
[Subsystems] Discovering subsystems at path C:/Program Files/UnityEditors/2022.1.16f1/Editor/Data/Resources/UnitySubsystems
[Subsystems] Discovering subsystems at path D:/Computer Science/Unity/Current Games/Suxtion/SuxtionGame/Assets
GfxDevice: creating device client; threaded=0; jobified=0
Direct3D:
    Version:  Direct3D 11.0 [level 11.1]
    Renderer: NVIDIA GeForce RTX 3080 (ID=0x2216)
    Vendor:   NVIDIA
    VRAM:     10078 MB
    Driver:   30.0.15.1215
Initialize mono
Mono path[0] = 'C:/Program Files/UnityEditors/2022.1.16f1/Editor/Data/Managed'
Mono path[1] = 'C:/Program Files/UnityEditors/2022.1.16f1/Editor/Data/MonoBleedingEdge/lib/mono/unityjit-win32'
Mono config path = 'C:/Program Files/UnityEditors/2022.1.16f1/Editor/Data/MonoBleedingEdge/etc'
Using monoOptions --debugger-agent=transport=dt_socket,embedding=1,server=y,suspend=n,address=127.0.0.1:56360
Begin MonoManager ReloadAssembly
Registering precompiled unity dll's ...
Register platform support module: C:/Program Files/UnityEditors/2022.1.16f1/Editor/Data/PlaybackEngines/AndroidPlayer/UnityEditor.Android.Extensions.dll
Register platform support module: C:/Program Files/UnityEditors/2022.1.16f1/Editor/Data/PlaybackEngines/WindowsStandaloneSupport/UnityEditor.WindowsStandalone.Extensions.dll
Registered in 0.003502 seconds.
Native extension for WindowsStandalone target not found
Native extension for Android target not found
Refreshing native plugins compatible for Editor in 68.54 ms, found 3 plugins.
Preloading 0 native plugins for Editor in 0.00 ms.
Mono: successfully reloaded assembly
- Completed reload, in  0.592 seconds
Domain Reload Profiling:
	ReloadAssembly (592ms)
		BeginReloadAssembly (61ms)
			ExecutionOrderSort (0ms)
			DisableScriptedObjects (0ms)
			BackupInstance (0ms)
			ReleaseScriptingObjects (0ms)
			CreateAndSetChildDomain (1ms)
		EndReloadAssembly (439ms)
			LoadAssemblies (59ms)
			RebuildTransferFunctionScriptingTraits (0ms)
			SetupTypeCache (104ms)
				TypeCache.Initialize (103ms)
					TypeCache.ScanAssembly (102ms)
				ResolveRequiredComponents (1ms)
			ReleaseScriptCaches (0ms)
			RebuildScriptCaches (27ms)
			SetupLoadedEditorAssemblies (263ms)
				LogAssemblyErrors (0ms)
				InitializePlatformSupportModulesInManaged (49ms)
				SetLoadedEditorAssemblies (7ms)
				RefreshPlugins (69ms)
				BeforeProcessingInitializeOnLoad (1ms)
				ProcessInitializeOnLoadAttributes (97ms)
				ProcessInitializeOnLoadMethodAttributes (40ms)
				AfterProcessingInitializeOnLoad (0ms)
				EditorAssembliesLoaded (0ms)
			ExecutionOrderSort2 (0ms)
			AwakeInstancesAfterBackupRestoration (0ms)
Platform modules already initialized, skipping
Registering precompiled user dll's ...
Registered in 0.004014 seconds.
Begin MonoManager ReloadAssembly
Symbol file LoadedFromMemory doesn't match image D:\Computer Science\Unity\Current Games\Suxtion\SuxtionGame\Library\PackageCache\com.unity.visualscripting@1.7.8\Editor\VisualScripting.Core\Dependencies\YamlDotNet\Unity.VisualScripting.YamlDotNet.dll
Symbol file LoadedFromMemory doesn't match image D:\Computer Science\Unity\Current Games\Suxtion\SuxtionGame\Library\PackageCache\com.unity.visualscripting@1.7.8\Editor\VisualScripting.Core\Dependencies\DotNetZip\Unity.VisualScripting.IonicZip.dll
Native extension for WindowsStandalone target not found
Native extension for Android target not found
Refreshing native plugins compatible for Editor in 0.51 ms, found 3 plugins.
Preloading 0 native plugins for Editor in 0.00 ms.
Mono: successfully reloaded assembly
- Completed reload, in  1.047 seconds
Domain Reload Profiling:
	ReloadAssembly (1049ms)
		BeginReloadAssembly (214ms)
			ExecutionOrderSort (0ms)
			DisableScriptedObjects (5ms)
			BackupInstance (0ms)
			ReleaseScriptingObjects (0ms)
			CreateAndSetChildDomain (133ms)
		EndReloadAssembly (732ms)
			LoadAssemblies (75ms)
			RebuildTransferFunctionScriptingTraits (0ms)
			SetupTypeCache (243ms)
				TypeCache.Initialize (239ms)
					TypeCache.ScanAssembly (236ms)
				ResolveRequiredComponents (3ms)
			ReleaseScriptCaches (1ms)
			RebuildScriptCaches (46ms)
			SetupLoadedEditorAssemblies (328ms)
				LogAssemblyErrors (0ms)
				InitializePlatformSupportModulesInManaged (11ms)
				SetLoadedEditorAssemblies (6ms)
				RefreshPlugins (1ms)
				BeforeProcessingInitializeOnLoad (72ms)
				ProcessInitializeOnLoadAttributes (206ms)
				ProcessInitializeOnLoadMethodAttributes (26ms)
				AfterProcessingInitializeOnLoad (7ms)
				EditorAssembliesLoaded (0ms)
			ExecutionOrderSort2 (0ms)
			AwakeInstancesAfterBackupRestoration (4ms)
Platform modules already initialized, skipping
========================================================================
Worker process is ready to serve import requests
Launched and connected shader compiler UnityShaderCompiler.exe after 0.03 seconds
Refreshing native plugins compatible for Editor in 0.48 ms, found 3 plugins.
Preloading 0 native plugins for Editor in 0.00 ms.
Unloading 3399 Unused Serialized files (Serialized files now loaded: 0)
Unloading 26 unused Assets / (58.3 KB). Loaded Objects now: 3861.
Memory consumption went from 0.51 GB to 0.51 GB.
Total: 2.782600 ms (FindLiveObjects: 0.281800 ms CreateObjectMapping: 0.233900 ms MarkObjects: 2.202800 ms  DeleteObjects: 0.063300 ms)

AssetImportParameters requested are different than current active one (requested -> active):
  custom:video-decoder-ogg-theora: a1e56fd34408186e4bbccfd4996cb3dc -> 
  custom:container-muxer-webm: aa71ff27fc2769a1b78a27578f13a17b -> 
  custom:container-demuxer-webm: 4f35f7cbe854078d1ac9338744f61a02 -> 
  custom:video-encoder-webm-vp8: eb34c28f22e8b96e1ab97ce403110664 -> 
  custom:audio-encoder-webm-vorbis: bf7c407c2cedff20999df2af8eb42d56 -> 
  custom:framework-win-MediaFoundation: 216162199b28c13a410421893ffa2e32 -> 
  custom:container-demuxer-ogg: 62fdf1f143b41e24485cea50d1cbac27 -> 
  custom:video-decoder-webm-vp8: 9c59270c3fd7afecdb556c50c9e8de78 -> 
  custom:audio-decoder-ogg-vorbis: bf7c407c2cedff20999df2af8eb42d56 -> 
========================================================================
Received Import Request.
  Time since last request: 100479.561321 seconds.
  path: Assets
  artifactKey: Guid(00000000000000001000000000000000) Importer(815301076,1909f56bfc062723c751e8b465ee728b)
Start importing Assets using Guid(00000000000000001000000000000000) Importer(815301076,1909f56bfc062723c751e8b465ee728b)  -> (artifact id: '6e8165099f8bfd50797b2ebe9f8b211b') in 0.045798 seconds 
========================================================================
Received Import Request.
  Time since last request: 26.362730 seconds.
  path: Assets/UI
  artifactKey: Guid(466a79a1230670747b0234afb367691e) Importer(815301076,1909f56bfc062723c751e8b465ee728b)
Start importing Assets/UI using Guid(466a79a1230670747b0234afb367691e) Importer(815301076,1909f56bfc062723c751e8b465ee728b)  -> (artifact id: '820b74df5f01de7f55c7e5f20fe119e4') in 0.005345 seconds 
========================================================================
Received Import Request.
  Time since last request: 19.076509 seconds.
  path: Assets/New Folder
  artifactKey: Guid(26170021a62f9174e86edf209d8787ac) Importer(815301076,1909f56bfc062723c751e8b465ee728b)
Start importing Assets/New Folder using Guid(26170021a62f9174e86edf209d8787ac) Importer(815301076,1909f56bfc062723c751e8b465ee728b)  -> (artifact id: '9c87a4b67a5deca98faaf9bdcb1fdcf0') in 0.004490 seconds 
========================================================================
Received Import Request.
  Time since last request: 8.879299 seconds.
  path: Assets/Asset Store
  artifactKey: Guid(26170021a62f9174e86edf209d8787ac) Importer(815301076,1909f56bfc062723c751e8b465ee728b)
Start importing Assets/Asset Store using Guid(26170021a62f9174e86edf209d8787ac) Importer(815301076,1909f56bfc062723c751e8b465ee728b)  -> (artifact id: '3b4215747b7e650c96b1233cb649a2b3') in 0.004245 seconds 
========================================================================
Received Import Request.
  Time since last request: 7.559973 seconds.
  path: Assets/Prefabs
  artifactKey: Guid(db9a48f5069b51043802e88ca8f83af4) Importer(815301076,1909f56bfc062723c751e8b465ee728b)
Start importing Assets/Prefabs using Guid(db9a48f5069b51043802e88ca8f83af4) Importer(815301076,1909f56bfc062723c751e8b465ee728b)  -> (artifact id: '9599ed5848f7ccca6ca7521d79083516') in 0.005090 seconds 
========================================================================
Received Import Request.
  Time since last request: 21.230912 seconds.
  path: Assets/Scripts
  artifactKey: Guid(e79cfacee49372c419a967461c2a1c78) Importer(815301076,1909f56bfc062723c751e8b465ee728b)
Start importing Assets/Scripts using Guid(e79cfacee49372c419a967461c2a1c78) Importer(815301076,1909f56bfc062723c751e8b465ee728b)  -> (artifact id: '65cfbb0444bd0ea565482ea5da7dbd03') in 0.004517 seconds 
========================================================================
Received Import Request.
  Time since last request: 541.971302 seconds.
  path: Assets/TextMesh Pro
  artifactKey: Guid(f54d1bd14bd3ca042bd867b519fee8cc) Importer(815301076,1909f56bfc062723c751e8b465ee728b)
Start importing Assets/TextMesh Pro using Guid(f54d1bd14bd3ca042bd867b519fee8cc) Importer(815301076,1909f56bfc062723c751e8b465ee728b)  -> (artifact id: '6f4ca5e3d5f46fc66754ea719f7078ea') in 0.004401 seconds 
========================================================================
Received Import Request.
  Time since last request: 9.611164 seconds.
  path: Assets/UI Buttons
  artifactKey: Guid(7236128fd12b5964295cc53885cab8a3) Importer(815301076,1909f56bfc062723c751e8b465ee728b)
Start importing Assets/UI Buttons using Guid(7236128fd12b5964295cc53885cab8a3) Importer(815301076,1909f56bfc062723c751e8b465ee728b)  -> (artifact id: '3a4346713ac19decc083d1b40bb38e2a') in 0.004642 seconds 
========================================================================
Received Import Request.
  Time since last request: 4.981949 seconds.
  path: Assets/TextMesh Pro/Fonts
  artifactKey: Guid(6ab70aee4d56447429c680537fbf93ed) Importer(815301076,1909f56bfc062723c751e8b465ee728b)
Start importing Assets/TextMesh Pro/Fonts using Guid(6ab70aee4d56447429c680537fbf93ed) Importer(815301076,1909f56bfc062723c751e8b465ee728b)  -> (artifact id: '04f313f1aae9fc7a695454ec11bd3497') in 0.004119 seconds 
========================================================================
Received Import Request.
  Time since last request: 0.092691 seconds.
  path: Assets/TextMesh Pro/Fonts/LiberationSans.ttf
  artifactKey: Guid(e3265ab4bf004d28a9537516768c1c75) Importer(815301076,1909f56bfc062723c751e8b465ee728b)
Start importing Assets/TextMesh Pro/Fonts/LiberationSans.ttf using Guid(e3265ab4bf004d28a9537516768c1c75) Importer(815301076,1909f56bfc062723c751e8b465ee728b)  -> (artifact id: 'd89598702348dc7bb9dda60aeb322df9') in 0.118021 seconds 
========================================================================
Received Import Request.
  Time since last request: 16.532470 seconds.
  path: Assets/UI Buttons/Psd file
  artifactKey: Guid(0eeb88ef589d5d34f9a682f06a5f2b17) Importer(815301076,1909f56bfc062723c751e8b465ee728b)
Start importing Assets/UI Buttons/Psd file using Guid(0eeb88ef589d5d34f9a682f06a5f2b17) Importer(815301076,1909f56bfc062723c751e8b465ee728b)  -> (artifact id: '77d4560df317c300f7876a3143f1573b') in 0.006029 seconds 
========================================================================
Received Import Request.
  Time since last request: 0.065883 seconds.
  path: Assets/UI Buttons/Psd file/28 elements.psd
  artifactKey: Guid(d760dec4d8ba0f2499283f6f8e4c0f45) Importer(815301076,1909f56bfc062723c751e8b465ee728b)
Start importing Assets/UI Buttons/Psd file/28 elements.psd using Guid(d760dec4d8ba0f2499283f6f8e4c0f45) Importer(815301076,1909f56bfc062723c751e8b465ee728b)  -> (artifact id: '81953ed777b268b54e5917a078b55ee2') in 0.017988 seconds 
========================================================================
Received Import Request.
  Time since last request: 0.000024 seconds.
  path: Assets/UI Buttons/Psd file/ui_panels.psd
  artifactKey: Guid(0a6e2c2a9433c4a4c879fd140181fa79) Importer(815301076,1909f56bfc062723c751e8b465ee728b)
Start importing Assets/UI Buttons/Psd file/ui_panels.psd using Guid(0a6e2c2a9433c4a4c879fd140181fa79) Importer(815301076,1909f56bfc062723c751e8b465ee728b)  -> (artifact id: '5d13b20ff065d16e761fcdd3d5801b5c') in 0.010448 seconds 
========================================================================
Received Import Request.
  Time since last request: 0.000019 seconds.
  path: Assets/UI Buttons/Psd file/elements.psd
  artifactKey: Guid(b381cd672c02ef746af2bfaa37bcf1d0) Importer(815301076,1909f56bfc062723c751e8b465ee728b)
Start importing Assets/UI Buttons/Psd file/elements.psd using Guid(b381cd672c02ef746af2bfaa37bcf1d0) Importer(815301076,1909f56bfc062723c751e8b465ee728b)  -> (artifact id: '7aa7a06a2b9644ce804107fec017972e') in 0.010844 seconds 
========================================================================
Received Import Request.
  Time since last request: 0.000024 seconds.
  path: Assets/UI Buttons/Psd file/ui.dialogue.psd
  artifactKey: Guid(bc8974bfd96520542a3d2e4c378b7e5b) Importer(815301076,1909f56bfc062723c751e8b465ee728b)
Start importing Assets/UI Buttons/Psd file/ui.dialogue.psd using Guid(bc8974bfd96520542a3d2e4c378b7e5b) Importer(815301076,1909f56bfc062723c751e8b465ee728b)  -> (artifact id: '64e7fb4345ccf21b7c520d54f073039f') in 0.011269 seconds 
========================================================================
Received Import Request.
  Time since last request: 11.121429 seconds.
  path: Assets/UI Buttons/Png Files
  artifactKey: Guid(ac8231031015b7e48b033988fdc25a1d) Importer(815301076,1909f56bfc062723c751e8b465ee728b)
Start importing Assets/UI Buttons/Png Files using Guid(ac8231031015b7e48b033988fdc25a1d) Importer(815301076,1909f56bfc062723c751e8b465ee728b)  -> (artifact id: '4a5a6e7351070513d7264c6e9454c18f') in 0.005103 seconds 
========================================================================
Received Import Request.
  Time since last request: 1.007880 seconds.
  path: Assets/UI Buttons/Png Files/screen_4
  artifactKey: Guid(a9af41fd4162c1946ad695252e0e4dff) Importer(815301076,1909f56bfc062723c751e8b465ee728b)
Start importing Assets/UI Buttons/Png Files/screen_4 using Guid(a9af41fd4162c1946ad695252e0e4dff) Importer(815301076,1909f56bfc062723c751e8b465ee728b)  -> (artifact id: '52df16b742198dc8cc88bdb571f979d3') in 0.005207 seconds 
========================================================================
Received Import Request.
  Time since last request: 1.077952 seconds.
  path: Assets/UI Buttons/Png Files/screen_4/screen_4
  artifactKey: Guid(953620fdb5e1fa84c9a8cf51f59d3840) Importer(815301076,1909f56bfc062723c751e8b465ee728b)
Start importing Assets/UI Buttons/Png Files/screen_4/screen_4 using Guid(953620fdb5e1fa84c9a8cf51f59d3840) Importer(815301076,1909f56bfc062723c751e8b465ee728b)  -> (artifact id: '991e7d7c72b4010cca9af51eec3f4532') in 0.002152 seconds 
========================================================================
Received Import Request.
  Time since last request: 1.169497 seconds.
  path: Assets/UI Buttons/Png Files/screen_4/screen_4/dialogue_2
  artifactKey: Guid(a3b7d732ef2f26a4f8bf36c9e56cf879) Importer(815301076,1909f56bfc062723c751e8b465ee728b)
Start importing Assets/UI Buttons/Png Files/screen_4/screen_4/dialogue_2 using Guid(a3b7d732ef2f26a4f8bf36c9e56cf879) Importer(815301076,1909f56bfc062723c751e8b465ee728b)  -> (artifact id: '78fc2f62413f9d35732317fa2f3d3245') in 0.004632 seconds 
========================================================================
Received Import Request.
  Time since last request: 0.063895 seconds.
  path: Assets/UI Buttons/Png Files/screen_4/screen_4/dialogue_2/dialogue_1.png
  artifactKey: Guid(18dec160e7c0f5e409a296dc0fe19512) Importer(815301076,1909f56bfc062723c751e8b465ee728b)
Start importing Assets/UI Buttons/Png Files/screen_4/screen_4/dialogue_2/dialogue_1.png using Guid(18dec160e7c0f5e409a296dc0fe19512) Importer(815301076,1909f56bfc062723c751e8b465ee728b)  -> (artifact id: '6b22d773394c6c77183bfb6db70c8161') in 0.032417 seconds 
========================================================================
Received Import Request.
  Time since last request: 0.000024 seconds.
  path: Assets/UI Buttons/Png Files/screen_4/screen_4/dialogue_2/dialogue_6.png
  artifactKey: Guid(3d8eb47108b65e241a3004148e203876) Importer(815301076,1909f56bfc062723c751e8b465ee728b)
Start importing Assets/UI Buttons/Png Files/screen_4/screen_4/dialogue_2/dialogue_6.png using Guid(3d8eb47108b65e241a3004148e203876) Importer(815301076,1909f56bfc062723c751e8b465ee728b)  -> (artifact id: 'a5aaba5402cdb6ba516f08f60bd06c0e') in 0.023848 seconds 
========================================================================
Received Import Request.
  Time since last request: 0.000020 seconds.
  path: Assets/UI Buttons/Png Files/screen_4/screen_4/dialogue_2/dialogue_3.png
  artifactKey: Guid(e5934feb6d280bc41a0d398b451a8a11) Importer(815301076,1909f56bfc062723c751e8b465ee728b)
Start importing Assets/UI Buttons/Png Files/screen_4/screen_4/dialogue_2/dialogue_3.png using Guid(e5934feb6d280bc41a0d398b451a8a11) Importer(815301076,1909f56bfc062723c751e8b465ee728b)  -> (artifact id: 'b6f1f948a9493305f9225866f89fe473') in 0.022088 seconds 
========================================================================
Received Import Request.
  Time since last request: 0.000024 seconds.
  path: Assets/UI Buttons/Png Files/screen_4/screen_4/dialogue_2/dialogue_5.png
  artifactKey: Guid(87f5cee92d03bbe4db4acdc04906611a) Importer(815301076,1909f56bfc062723c751e8b465ee728b)
Start importing Assets/UI Buttons/Png Files/screen_4/screen_4/dialogue_2/dialogue_5.png using Guid(87f5cee92d03bbe4db4acdc04906611a) Importer(815301076,1909f56bfc062723c751e8b465ee728b)  -> (artifact id: 'ca30c0f5ac00e727f3ab61f3773c927e') in 0.020247 seconds 
========================================================================
Received Import Request.
  Time since last request: 15.579367 seconds.
  path: Assets/Asset Store/UI Buttons/Png Files/screen_1
  artifactKey: Guid(5526a5ec5ae3408408d7fad8473caba4) Importer(815301076,1909f56bfc062723c751e8b465ee728b)
Start importing Assets/Asset Store/UI Buttons/Png Files/screen_1 using Guid(5526a5ec5ae3408408d7fad8473caba4) Importer(815301076,1909f56bfc062723c751e8b465ee728b)  -> (artifact id: '710e837808d737d7d1bbeb03722f59b9') in 0.004923 seconds 
========================================================================
Received Import Request.
  Time since last request: 0.886692 seconds.
  path: Assets/Asset Store/UI Buttons/Png Files/screen_1/button
  artifactKey: Guid(a33850d3527ec7847b025711e179f3cf) Importer(815301076,1909f56bfc062723c751e8b465ee728b)
Start importing Assets/Asset Store/UI Buttons/Png Files/screen_1/button using Guid(a33850d3527ec7847b025711e179f3cf) Importer(815301076,1909f56bfc062723c751e8b465ee728b)  -> (artifact id: '99f9f98859621b9cca36d152a14b7907') in 0.004606 seconds 
========================================================================
Received Import Request.
  Time since last request: 3.439596 seconds.
  path: Assets/Asset Store/UI Buttons/Png Files/screen_5
  artifactKey: Guid(87d9498022b754d44a92fce753a55064) Importer(815301076,1909f56bfc062723c751e8b465ee728b)
Start importing Assets/Asset Store/UI Buttons/Png Files/screen_5 using Guid(87d9498022b754d44a92fce753a55064) Importer(815301076,1909f56bfc062723c751e8b465ee728b)  -> (artifact id: 'c4c250239e0eac22880e4bd5d6b73459') in 0.004470 seconds 
========================================================================
Received Import Request.
  Time since last request: 0.090568 seconds.
  path: Assets/Asset Store/UI Buttons/Png Files/screen_5/panel_1.png
  artifactKey: Guid(9ee377cb20a68cb4f8c699f825565785) Importer(815301076,1909f56bfc062723c751e8b465ee728b)
Start importing Assets/Asset Store/UI Buttons/Png Files/screen_5/panel_1.png using Guid(9ee377cb20a68cb4f8c699f825565785) Importer(815301076,1909f56bfc062723c751e8b465ee728b)  -> (artifact id: '91939b0bdcb4c064cf55b304d6075b0c') in 0.021659 seconds 
========================================================================
Received Import Request.
  Time since last request: 0.000020 seconds.
  path: Assets/Asset Store/UI Buttons/Png Files/screen_5/small_button.png
  artifactKey: Guid(d3a3d363c54c68d49bf65b14f0b3750f) Importer(815301076,1909f56bfc062723c751e8b465ee728b)
Start importing Assets/Asset Store/UI Buttons/Png Files/screen_5/small_button.png using Guid(d3a3d363c54c68d49bf65b14f0b3750f) Importer(815301076,1909f56bfc062723c751e8b465ee728b)  -> (artifact id: '7dd71f1900a07f31e1e4cb90195d22fa') in 0.015676 seconds 
========================================================================
Received Import Request.
  Time since last request: 0.000021 seconds.
  path: Assets/Asset Store/UI Buttons/Png Files/screen_5/tab_1.png
  artifactKey: Guid(7d0587fc3aa88fa4e868229f1c7c1f8d) Importer(815301076,1909f56bfc062723c751e8b465ee728b)
Start importing Assets/Asset Store/UI Buttons/Png Files/screen_5/tab_1.png using Guid(7d0587fc3aa88fa4e868229f1c7c1f8d) Importer(815301076,1909f56bfc062723c751e8b465ee728b)  -> (artifact id: 'a833110e92b0d16c79bcc84e7f32913c') in 0.022162 seconds 
========================================================================
Received Import Request.
  Time since last request: 22.749053 seconds.
  path: Assets/TextMesh Pro/Sprites
  artifactKey: Guid(d0603b6d5186471b96c778c3949c7ce2) Importer(815301076,1909f56bfc062723c751e8b465ee728b)
Start importing Assets/TextMesh Pro/Sprites using Guid(d0603b6d5186471b96c778c3949c7ce2) Importer(815301076,1909f56bfc062723c751e8b465ee728b)  -> (artifact id: 'cd92aab8fadfebf3efce251818af85a0') in 0.005272 seconds 
========================================================================
Received Import Request.
  Time since last request: 0.058555 seconds.
  path: Assets/TextMesh Pro/Sprites/EmojiOne.png
  artifactKey: Guid(dffef66376be4fa480fb02b19edbe903) Importer(815301076,1909f56bfc062723c751e8b465ee728b)
Start importing Assets/TextMesh Pro/Sprites/EmojiOne.png using Guid(dffef66376be4fa480fb02b19edbe903) Importer(815301076,1909f56bfc062723c751e8b465ee728b)  -> (artifact id: 'ee2b86ed072a1f605e69dec78a983f9f') in 0.011057 seconds 
========================================================================
Received Import Request.
  Time since last request: 8.946288 seconds.
  path: Assets/Asset Store/UI Buttons/Png Files/screen_2
  artifactKey: Guid(1995c3802eeeea34d961ad56fd956a86) Importer(815301076,1909f56bfc062723c751e8b465ee728b)
Start importing Assets/Asset Store/UI Buttons/Png Files/screen_2 using Guid(1995c3802eeeea34d961ad56fd956a86) Importer(815301076,1909f56bfc062723c751e8b465ee728b)  -> (artifact id: '007c5e401c600ae5b0ea98fe678d526e') in 0.005383 seconds 
========================================================================
Received Import Request.
  Time since last request: 0.033942 seconds.
  path: Assets/Asset Store/UI Buttons/Png Files/screen_2/button_1.png
  artifactKey: Guid(f7998c32da8cfa549b3dba7f0f7e2e2f) Importer(815301076,1909f56bfc062723c751e8b465ee728b)
Start importing Assets/Asset Store/UI Buttons/Png Files/screen_2/button_1.png using Guid(f7998c32da8cfa549b3dba7f0f7e2e2f) Importer(815301076,1909f56bfc062723c751e8b465ee728b)  -> (artifact id: '8b4e1eeefb6a2954b317fcec62aac565') in 0.020460 seconds 
========================================================================
Received Import Request.
  Time since last request: 0.000017 seconds.
  path: Assets/Asset Store/UI Buttons/Png Files/screen_2/button_10.png
  artifactKey: Guid(e2e17fa6f61b1cc4e953250027fddc43) Importer(815301076,1909f56bfc062723c751e8b465ee728b)
Start importing Assets/Asset Store/UI Buttons/Png Files/screen_2/button_10.png using Guid(e2e17fa6f61b1cc4e953250027fddc43) Importer(815301076,1909f56bfc062723c751e8b465ee728b)  -> (artifact id: 'a6817d0325afe4f3978302bf1ae35ef0') in 0.017778 seconds 
========================================================================
Received Import Request.
  Time since last request: 0.000020 seconds.
  path: Assets/Asset Store/UI Buttons/Png Files/screen_2/button_5.png
  artifactKey: Guid(2496f9f9959ce21469e8dbbd0f0e2613) Importer(815301076,1909f56bfc062723c751e8b465ee728b)
Start importing Assets/Asset Store/UI Buttons/Png Files/screen_2/button_5.png using Guid(2496f9f9959ce21469e8dbbd0f0e2613) Importer(815301076,1909f56bfc062723c751e8b465ee728b)  -> (artifact id: '8178e27b24c1a2e89c2ecd95b6d99522') in 0.019893 seconds 
========================================================================
Received Import Request.
  Time since last request: 0.000026 seconds.
  path: Assets/Asset Store/UI Buttons/Png Files/screen_2/button_8.png
  artifactKey: Guid(72e3d5602cd72234d8823d690e52862b) Importer(815301076,1909f56bfc062723c751e8b465ee728b)
Start importing Assets/Asset Store/UI Buttons/Png Files/screen_2/button_8.png using Guid(72e3d5602cd72234d8823d690e52862b) Importer(815301076,1909f56bfc062723c751e8b465ee728b)  -> (artifact id: '8cc36de9531ded0d800e26b0ed6e4b25') in 0.018316 seconds 
========================================================================
Received Import Request.
  Time since last request: 0.000016 seconds.
  path: Assets/Asset Store/UI Buttons/Png Files/screen_2/button_11.png
  artifactKey: Guid(5051a127c53a40d4890b32bc8057f759) Importer(815301076,1909f56bfc062723c751e8b465ee728b)
Start importing Assets/Asset Store/UI Buttons/Png Files/screen_2/button_11.png using Guid(5051a127c53a40d4890b32bc8057f759) Importer(815301076,1909f56bfc062723c751e8b465ee728b)  -> (artifact id: '5b7633369d5ff0fc3c5fcd391bc2a585') in 0.017775 seconds 
========================================================================
Received Import Request.
  Time since last request: 0.000015 seconds.
  path: Assets/Asset Store/UI Buttons/Png Files/screen_2/button_9.png
  artifactKey: Guid(4c7b21fcb9a1bd94681b85339522ea6f) Importer(815301076,1909f56bfc062723c751e8b465ee728b)
Start importing Assets/Asset Store/UI Buttons/Png Files/screen_2/button_9.png using Guid(4c7b21fcb9a1bd94681b85339522ea6f) Importer(815301076,1909f56bfc062723c751e8b465ee728b)  -> (artifact id: 'dbfb561fd7fa4a5b759f56980b5672cb') in 0.018076 seconds 
========================================================================
Received Import Request.
  Time since last request: 2.421545 seconds.
  path: Assets/Asset Store/UI Buttons/Png Files/screen_3
  artifactKey: Guid(f05ed6f36f531ac42a3ca5137d3faecf) Importer(815301076,1909f56bfc062723c751e8b465ee728b)
Start importing Assets/Asset Store/UI Buttons/Png Files/screen_3 using Guid(f05ed6f36f531ac42a3ca5137d3faecf) Importer(815301076,1909f56bfc062723c751e8b465ee728b)  -> (artifact id: '62cafed465adb2c79d490d5f136ea359') in 0.004837 seconds 
========================================================================
Received Import Request.
  Time since last request: 0.087470 seconds.
  path: Assets/Asset Store/UI Buttons/Png Files/screen_3/play.png
  artifactKey: Guid(3621ab25394bec44e90619e05c1c5f46) Importer(815301076,1909f56bfc062723c751e8b465ee728b)
Start importing Assets/Asset Store/UI Buttons/Png Files/screen_3/play.png using Guid(3621ab25394bec44e90619e05c1c5f46) Importer(815301076,1909f56bfc062723c751e8b465ee728b)  -> (artifact id: '4fe7a79a917d8e770a1bdef63319009b') in 0.023252 seconds 
========================================================================
Received Import Request.
  Time since last request: 0.000020 seconds.
  path: Assets/Asset Store/UI Buttons/Png Files/screen_3/play_3.png
  artifactKey: Guid(590d427d3017d9e4596b501bb4360d08) Importer(815301076,1909f56bfc062723c751e8b465ee728b)
Start importing Assets/Asset Store/UI Buttons/Png Files/screen_3/play_3.png using Guid(590d427d3017d9e4596b501bb4360d08) Importer(815301076,1909f56bfc062723c751e8b465ee728b)  -> (artifact id: '4f015a50fa6f136aebf962cef5346eb3') in 0.016824 seconds 
========================================================================
Received Import Request.
  Time since last request: 0.000023 seconds.
  path: Assets/Asset Store/UI Buttons/Png Files/screen_3/title_1.png
  artifactKey: Guid(744b264e9f42f844e89483310a197b71) Importer(815301076,1909f56bfc062723c751e8b465ee728b)
Start importing Assets/Asset Store/UI Buttons/Png Files/screen_3/title_1.png using Guid(744b264e9f42f844e89483310a197b71) Importer(815301076,1909f56bfc062723c751e8b465ee728b)  -> (artifact id: '5c96e980e4ecd36744527ea839da7fbf') in 0.019131 seconds 
========================================================================
Received Import Request.
  Time since last request: 0.000025 seconds.
  path: Assets/Asset Store/UI Buttons/Png Files/screen_3/play_4.png
  artifactKey: Guid(63ad0c776bf34904ba8aea4086c5384c) Importer(815301076,1909f56bfc062723c751e8b465ee728b)
Start importing Assets/Asset Store/UI Buttons/Png Files/screen_3/play_4.png using Guid(63ad0c776bf34904ba8aea4086c5384c) Importer(815301076,1909f56bfc062723c751e8b465ee728b)  -> (artifact id: '56e4310d4fd93a634707390cffb79538') in 0.019178 seconds 
========================================================================
Received Import Request.
  Time since last request: 1.208175 seconds.
  path: Assets/Asset Store/UI Buttons/Png Files/screen_3/loading
  artifactKey: Guid(530856e8a0384a5449679e55bb561857) Importer(815301076,1909f56bfc062723c751e8b465ee728b)
Start importing Assets/Asset Store/UI Buttons/Png Files/screen_3/loading using Guid(530856e8a0384a5449679e55bb561857) Importer(815301076,1909f56bfc062723c751e8b465ee728b)  -> (artifact id: 'ef0db8b1568cf36fada202f03a892d60') in 0.005778 seconds 
========================================================================
Received Import Request.
  Time since last request: 0.072827 seconds.
  path: Assets/Asset Store/UI Buttons/Png Files/screen_3/loading/loading_bg.png
  artifactKey: Guid(96371daa0d269064aa72c26a316af5f7) Importer(815301076,1909f56bfc062723c751e8b465ee728b)
Start importing Assets/Asset Store/UI Buttons/Png Files/screen_3/loading/loading_bg.png using Guid(96371daa0d269064aa72c26a316af5f7) Importer(815301076,1909f56bfc062723c751e8b465ee728b)  -> (artifact id: 'f5324a8cf973a8b05a999e147b8fc292') in 0.014973 seconds 
========================================================================
Received Import Request.
  Time since last request: 0.000027 seconds.
  path: Assets/Asset Store/UI Buttons/Png Files/screen_3/loading/loading_fill_3.png
  artifactKey: Guid(04207d55dcb49c7489cd2dc97d43f597) Importer(815301076,1909f56bfc062723c751e8b465ee728b)
Start importing Assets/Asset Store/UI Buttons/Png Files/screen_3/loading/loading_fill_3.png using Guid(04207d55dcb49c7489cd2dc97d43f597) Importer(815301076,1909f56bfc062723c751e8b465ee728b)  -> (artifact id: '71bbc288eda5b0f63c214dc018f06fb7') in 0.015926 seconds 
========================================================================
Received Import Request.
  Time since last request: 7.330268 seconds.
  path: Assets/Asset Store/UI Buttons/Png Files/screen_4/screen_4/dialogue_1
  artifactKey: Guid(70fdc691c0d43464a869f5e6e73729b4) Importer(815301076,1909f56bfc062723c751e8b465ee728b)
Start importing Assets/Asset Store/UI Buttons/Png Files/screen_4/screen_4/dialogue_1 using Guid(70fdc691c0d43464a869f5e6e73729b4) Importer(815301076,1909f56bfc062723c751e8b465ee728b)  -> (artifact id: 'ec152b2a39c72fad8159cb25ad0e95ea') in 0.004939 seconds 
========================================================================
Received Import Request.
  Time since last request: 0.073735 seconds.
  path: Assets/Asset Store/UI Buttons/Png Files/screen_4/screen_4/dialogue_1/dialogue_1.png
  artifactKey: Guid(e029e4149d6d84e49adf733513c4038b) Importer(815301076,1909f56bfc062723c751e8b465ee728b)
Start importing Assets/Asset Store/UI Buttons/Png Files/screen_4/screen_4/dialogue_1/dialogue_1.png using Guid(e029e4149d6d84e49adf733513c4038b) Importer(815301076,1909f56bfc062723c751e8b465ee728b)  -> (artifact id: 'e622191257d92fab922ca737e71c0161') in 0.095592 seconds 
========================================================================
Received Import Request.
  Time since last request: 0.000023 seconds.
  path: Assets/Asset Store/UI Buttons/Png Files/screen_4/screen_4/dialogue_1/dialogue_2.png
  artifactKey: Guid(3a7bb33c85159264f9cf84e2bc75c2dd) Importer(815301076,1909f56bfc062723c751e8b465ee728b)
Start importing Assets/Asset Store/UI Buttons/Png Files/screen_4/screen_4/dialogue_1/dialogue_2.png using Guid(3a7bb33c85159264f9cf84e2bc75c2dd) Importer(815301076,1909f56bfc062723c751e8b465ee728b)  -> (artifact id: 'c72fd2d84281d537a86649ea87f69da0') in 0.054262 seconds 
========================================================================
Received Import Request.
  Time since last request: 0.000025 seconds.
  path: Assets/Asset Store/UI Buttons/Png Files/screen_4/screen_4/dialogue_1/dialogue_3.png
  artifactKey: Guid(1215137b45c025048bac39ca37876e15) Importer(815301076,1909f56bfc062723c751e8b465ee728b)
Start importing Assets/Asset Store/UI Buttons/Png Files/screen_4/screen_4/dialogue_1/dialogue_3.png using Guid(1215137b45c025048bac39ca37876e15) Importer(815301076,1909f56bfc062723c751e8b465ee728b)  -> (artifact id: 'a08252ea26d31db471ffaa28d0a98334') in 0.027415 seconds 
========================================================================
Received Import Request.
  Time since last request: 0.000025 seconds.
  path: Assets/Asset Store/UI Buttons/Png Files/screen_4/screen_4/dialogue_1/dialogue_2-1.png
  artifactKey: Guid(7358571281f169e49a3ae5e1179c968b) Importer(815301076,1909f56bfc062723c751e8b465ee728b)
Start importing Assets/Asset Store/UI Buttons/Png Files/screen_4/screen_4/dialogue_1/dialogue_2-1.png using Guid(7358571281f169e49a3ae5e1179c968b) Importer(815301076,1909f56bfc062723c751e8b465ee728b)  -> (artifact id: '63d45391a6ea6e9882c00d7b73a27ef3') in 0.029934 seconds 
========================================================================
Received Prepare
Registering precompiled user dll's ...
Registered in 0.003750 seconds.
Begin MonoManager ReloadAssembly
Symbol file LoadedFromMemory doesn't match image D:\Computer Science\Unity\Current Games\Suxtion\SuxtionGame\Library\PackageCache\com.unity.visualscripting@1.7.8\Editor\VisualScripting.Core\Dependencies\YamlDotNet\Unity.VisualScripting.YamlDotNet.dll
Symbol file LoadedFromMemory doesn't match image D:\Computer Science\Unity\Current Games\Suxtion\SuxtionGame\Library\PackageCache\com.unity.visualscripting@1.7.8\Editor\VisualScripting.Core\Dependencies\DotNetZip\Unity.VisualScripting.IonicZip.dll
Native extension for WindowsStandalone target not found
Native extension for Android target not found
Refreshing native plugins compatible for Editor in 0.63 ms, found 3 plugins.
Preloading 0 native plugins for Editor in 0.00 ms.
Mono: successfully reloaded assembly
- Completed reload, in  0.904 seconds
Domain Reload Profiling:
	ReloadAssembly (905ms)
		BeginReloadAssembly (117ms)
			ExecutionOrderSort (0ms)
			DisableScriptedObjects (4ms)
			BackupInstance (0ms)
			ReleaseScriptingObjects (0ms)
			CreateAndSetChildDomain (35ms)
		EndReloadAssembly (706ms)
			LoadAssemblies (71ms)
			RebuildTransferFunctionScriptingTraits (0ms)
			SetupTypeCache (242ms)
				TypeCache.Initialize (238ms)
					TypeCache.ScanAssembly (233ms)
				ResolveRequiredComponents (4ms)
			ReleaseScriptCaches (1ms)
			RebuildScriptCaches (37ms)
			SetupLoadedEditorAssemblies (306ms)
				LogAssemblyErrors (0ms)
				InitializePlatformSupportModulesInManaged (18ms)
				SetLoadedEditorAssemblies (6ms)
				RefreshPlugins (1ms)
				BeforeProcessingInitializeOnLoad (52ms)
				ProcessInitializeOnLoadAttributes (198ms)
				ProcessInitializeOnLoadMethodAttributes (26ms)
				AfterProcessingInitializeOnLoad (5ms)
				EditorAssembliesLoaded (0ms)
			ExecutionOrderSort2 (0ms)
			AwakeInstancesAfterBackupRestoration (5ms)
Platform modules already initialized, skipping
Refreshing native plugins compatible for Editor in 1.35 ms, found 3 plugins.
Preloading 0 native plugins for Editor in 0.00 ms.
Unloading 3405 Unused Serialized files (Serialized files now loaded: 0)
Unloading 32 unused Assets / (0.7 MB). Loaded Objects now: 3963.
Memory consumption went from 0.52 GB to 0.52 GB.
Total: 2.858300 ms (FindLiveObjects: 0.256700 ms CreateObjectMapping: 0.164300 ms MarkObjects: 2.120000 ms  DeleteObjects: 0.316500 ms)

AssetImportParameters requested are different than current active one (requested -> active):
  custom:video-decoder-ogg-theora: a1e56fd34408186e4bbccfd4996cb3dc -> 
  custom:container-muxer-webm: aa71ff27fc2769a1b78a27578f13a17b -> 
  custom:container-demuxer-webm: 4f35f7cbe854078d1ac9338744f61a02 -> 
  custom:video-encoder-webm-vp8: eb34c28f22e8b96e1ab97ce403110664 -> 
  custom:audio-encoder-webm-vorbis: bf7c407c2cedff20999df2af8eb42d56 -> 
  custom:framework-win-MediaFoundation: 216162199b28c13a410421893ffa2e32 -> 
  custom:container-demuxer-ogg: 62fdf1f143b41e24485cea50d1cbac27 -> 
  custom:video-decoder-webm-vp8: 9c59270c3fd7afecdb556c50c9e8de78 -> 
  custom:audio-decoder-ogg-vorbis: bf7c407c2cedff20999df2af8eb42d56 -> 
========================================================================
Received Prepare
Registering precompiled user dll's ...
Registered in 0.003924 seconds.
Begin MonoManager ReloadAssembly
Symbol file LoadedFromMemory doesn't match image D:\Computer Science\Unity\Current Games\Suxtion\SuxtionGame\Library\PackageCache\com.unity.visualscripting@1.7.8\Editor\VisualScripting.Core\Dependencies\YamlDotNet\Unity.VisualScripting.YamlDotNet.dll
Symbol file LoadedFromMemory doesn't match image D:\Computer Science\Unity\Current Games\Suxtion\SuxtionGame\Library\PackageCache\com.unity.visualscripting@1.7.8\Editor\VisualScripting.Core\Dependencies\DotNetZip\Unity.VisualScripting.IonicZip.dll
Native extension for WindowsStandalone target not found
Native extension for Android target not found
Refreshing native plugins compatible for Editor in 0.55 ms, found 3 plugins.
Preloading 0 native plugins for Editor in 0.00 ms.
Mono: successfully reloaded assembly
- Completed reload, in  0.910 seconds
Domain Reload Profiling:
	ReloadAssembly (911ms)
		BeginReloadAssembly (117ms)
			ExecutionOrderSort (0ms)
			DisableScriptedObjects (5ms)
			BackupInstance (0ms)
			ReleaseScriptingObjects (0ms)
			CreateAndSetChildDomain (34ms)
		EndReloadAssembly (711ms)
			LoadAssemblies (78ms)
			RebuildTransferFunctionScriptingTraits (0ms)
			SetupTypeCache (239ms)
				TypeCache.Initialize (236ms)
					TypeCache.ScanAssembly (231ms)
				ResolveRequiredComponents (4ms)
			ReleaseScriptCaches (1ms)
			RebuildScriptCaches (35ms)
			SetupLoadedEditorAssemblies (311ms)
				LogAssemblyErrors (0ms)
				InitializePlatformSupportModulesInManaged (19ms)
				SetLoadedEditorAssemblies (6ms)
				RefreshPlugins (1ms)
				BeforeProcessingInitializeOnLoad (54ms)
				ProcessInitializeOnLoadAttributes (200ms)
				ProcessInitializeOnLoadMethodAttributes (26ms)
				AfterProcessingInitializeOnLoad (5ms)
				EditorAssembliesLoaded (0ms)
			ExecutionOrderSort2 (0ms)
			AwakeInstancesAfterBackupRestoration (5ms)
Platform modules already initialized, skipping
Refreshing native plugins compatible for Editor in 1.44 ms, found 3 plugins.
Preloading 0 native plugins for Editor in 0.00 ms.
Unloading 3406 Unused Serialized files (Serialized files now loaded: 0)
Unloading 32 unused Assets / (0.7 MB). Loaded Objects now: 3966.
Memory consumption went from 0.52 GB to 0.52 GB.
Total: 2.937200 ms (FindLiveObjects: 0.274600 ms CreateObjectMapping: 0.193300 ms MarkObjects: 2.181100 ms  DeleteObjects: 0.287400 ms)

AssetImportParameters requested are different than current active one (requested -> active):
  custom:video-decoder-ogg-theora: a1e56fd34408186e4bbccfd4996cb3dc -> 
  custom:container-muxer-webm: aa71ff27fc2769a1b78a27578f13a17b -> 
  custom:container-demuxer-webm: 4f35f7cbe854078d1ac9338744f61a02 -> 
  custom:video-encoder-webm-vp8: eb34c28f22e8b96e1ab97ce403110664 -> 
  custom:audio-encoder-webm-vorbis: bf7c407c2cedff20999df2af8eb42d56 -> 
  custom:framework-win-MediaFoundation: 216162199b28c13a410421893ffa2e32 -> 
  custom:container-demuxer-ogg: 62fdf1f143b41e24485cea50d1cbac27 -> 
  custom:video-decoder-webm-vp8: 9c59270c3fd7afecdb556c50c9e8de78 -> 
  custom:audio-decoder-ogg-vorbis: bf7c407c2cedff20999df2af8eb42d56 -> 
========================================================================
Received Import Request.
  Time since last request: 1738.790902 seconds.
  path: Assets/Scripts/SceneManager.cs
  artifactKey: Guid(281d412c708d2cc41ae96af0677b9fd8) Importer(815301076,1909f56bfc062723c751e8b465ee728b)
Start importing Assets/Scripts/SceneManager.cs using Guid(281d412c708d2cc41ae96af0677b9fd8) Importer(815301076,1909f56bfc062723c751e8b465ee728b)  -> (artifact id: '496dc904373bfb42d2164157e5ecad31') in 0.008733 seconds 
========================================================================
Received Prepare
Registering precompiled user dll's ...
Registered in 0.003697 seconds.
Begin MonoManager ReloadAssembly
Symbol file LoadedFromMemory doesn't match image D:\Computer Science\Unity\Current Games\Suxtion\SuxtionGame\Library\PackageCache\com.unity.visualscripting@1.7.8\Editor\VisualScripting.Core\Dependencies\YamlDotNet\Unity.VisualScripting.YamlDotNet.dll
Symbol file LoadedFromMemory doesn't match image D:\Computer Science\Unity\Current Games\Suxtion\SuxtionGame\Library\PackageCache\com.unity.visualscripting@1.7.8\Editor\VisualScripting.Core\Dependencies\DotNetZip\Unity.VisualScripting.IonicZip.dll
Native extension for WindowsStandalone target not found
Native extension for Android target not found
Refreshing native plugins compatible for Editor in 0.50 ms, found 3 plugins.
Preloading 0 native plugins for Editor in 0.00 ms.
Mono: successfully reloaded assembly
- Completed reload, in  0.891 seconds
Domain Reload Profiling:
	ReloadAssembly (891ms)
		BeginReloadAssembly (110ms)
			ExecutionOrderSort (0ms)
			DisableScriptedObjects (5ms)
			BackupInstance (0ms)
			ReleaseScriptingObjects (0ms)
			CreateAndSetChildDomain (31ms)
		EndReloadAssembly (698ms)
			LoadAssemblies (73ms)
			RebuildTransferFunctionScriptingTraits (0ms)
			SetupTypeCache (259ms)
				TypeCache.Initialize (255ms)
					TypeCache.ScanAssembly (249ms)
				ResolveRequiredComponents (4ms)
			ReleaseScriptCaches (1ms)
			RebuildScriptCaches (35ms)
			SetupLoadedEditorAssemblies (284ms)
				LogAssemblyErrors (0ms)
				InitializePlatformSupportModulesInManaged (17ms)
				SetLoadedEditorAssemblies (6ms)
				RefreshPlugins (1ms)
				BeforeProcessingInitializeOnLoad (50ms)
				ProcessInitializeOnLoadAttributes (181ms)
				ProcessInitializeOnLoadMethodAttributes (23ms)
				AfterProcessingInitializeOnLoad (5ms)
				EditorAssembliesLoaded (0ms)
			ExecutionOrderSort2 (0ms)
			AwakeInstancesAfterBackupRestoration (5ms)
Platform modules already initialized, skipping
Refreshing native plugins compatible for Editor in 1.29 ms, found 3 plugins.
Preloading 0 native plugins for Editor in 0.00 ms.
Unloading 3406 Unused Serialized files (Serialized files now loaded: 0)
Unloading 32 unused Assets / (0.7 MB). Loaded Objects now: 3970.
Memory consumption went from 0.52 GB to 0.52 GB.
Total: 2.941700 ms (FindLiveObjects: 0.239300 ms CreateObjectMapping: 0.149100 ms MarkObjects: 2.280200 ms  DeleteObjects: 0.272500 ms)

AssetImportParameters requested are different than current active one (requested -> active):
  custom:video-decoder-ogg-theora: a1e56fd34408186e4bbccfd4996cb3dc -> 
  custom:container-muxer-webm: aa71ff27fc2769a1b78a27578f13a17b -> 
  custom:container-demuxer-webm: 4f35f7cbe854078d1ac9338744f61a02 -> 
  custom:video-encoder-webm-vp8: eb34c28f22e8b96e1ab97ce403110664 -> 
  custom:audio-encoder-webm-vorbis: bf7c407c2cedff20999df2af8eb42d56 -> 
  custom:framework-win-MediaFoundation: 216162199b28c13a410421893ffa2e32 -> 
  custom:container-demuxer-ogg: 62fdf1f143b41e24485cea50d1cbac27 -> 
  custom:video-decoder-webm-vp8: 9c59270c3fd7afecdb556c50c9e8de78 -> 
  custom:audio-decoder-ogg-vorbis: bf7c407c2cedff20999df2af8eb42d56 -> 
========================================================================
Received Prepare
Registering precompiled user dll's ...
Registered in 0.003815 seconds.
Begin MonoManager ReloadAssembly
Symbol file LoadedFromMemory doesn't match image D:\Computer Science\Unity\Current Games\Suxtion\SuxtionGame\Library\PackageCache\com.unity.visualscripting@1.7.8\Editor\VisualScripting.Core\Dependencies\YamlDotNet\Unity.VisualScripting.YamlDotNet.dll
Symbol file LoadedFromMemory doesn't match image D:\Computer Science\Unity\Current Games\Suxtion\SuxtionGame\Library\PackageCache\com.unity.visualscripting@1.7.8\Editor\VisualScripting.Core\Dependencies\DotNetZip\Unity.VisualScripting.IonicZip.dll
Native extension for WindowsStandalone target not found
Native extension for Android target not found
Refreshing native plugins compatible for Editor in 0.62 ms, found 3 plugins.
Preloading 0 native plugins for Editor in 0.00 ms.
Mono: successfully reloaded assembly
- Completed reload, in  0.889 seconds
Domain Reload Profiling:
	ReloadAssembly (890ms)
		BeginReloadAssembly (123ms)
			ExecutionOrderSort (0ms)
			DisableScriptedObjects (5ms)
			BackupInstance (0ms)
			ReleaseScriptingObjects (0ms)
			CreateAndSetChildDomain (31ms)
		EndReloadAssembly (682ms)
			LoadAssemblies (75ms)
			RebuildTransferFunctionScriptingTraits (0ms)
			SetupTypeCache (240ms)
				TypeCache.Initialize (236ms)
					TypeCache.ScanAssembly (231ms)
				ResolveRequiredComponents (4ms)
			ReleaseScriptCaches (1ms)
			RebuildScriptCaches (35ms)
			SetupLoadedEditorAssemblies (290ms)
				LogAssemblyErrors (0ms)
				InitializePlatformSupportModulesInManaged (18ms)
				SetLoadedEditorAssemblies (6ms)
				RefreshPlugins (1ms)
				BeforeProcessingInitializeOnLoad (53ms)
				ProcessInitializeOnLoadAttributes (184ms)
				ProcessInitializeOnLoadMethodAttributes (23ms)
				AfterProcessingInitializeOnLoad (5ms)
				EditorAssembliesLoaded (0ms)
			ExecutionOrderSort2 (0ms)
			AwakeInstancesAfterBackupRestoration (5ms)
Platform modules already initialized, skipping
Refreshing native plugins compatible for Editor in 1.41 ms, found 3 plugins.
Preloading 0 native plugins for Editor in 0.00 ms.
Unloading 3406 Unused Serialized files (Serialized files now loaded: 0)
Unloading 33 unused Assets / (0.7 MB). Loaded Objects now: 3972.
Memory consumption went from 0.52 GB to 0.52 GB.
Total: 2.748300 ms (FindLiveObjects: 0.232500 ms CreateObjectMapping: 0.141900 ms MarkObjects: 2.085000 ms  DeleteObjects: 0.288200 ms)

AssetImportParameters requested are different than current active one (requested -> active):
  custom:video-decoder-ogg-theora: a1e56fd34408186e4bbccfd4996cb3dc -> 
  custom:container-muxer-webm: aa71ff27fc2769a1b78a27578f13a17b -> 
  custom:container-demuxer-webm: 4f35f7cbe854078d1ac9338744f61a02 -> 
  custom:video-encoder-webm-vp8: eb34c28f22e8b96e1ab97ce403110664 -> 
  custom:audio-encoder-webm-vorbis: bf7c407c2cedff20999df2af8eb42d56 -> 
  custom:framework-win-MediaFoundation: 216162199b28c13a410421893ffa2e32 -> 
  custom:container-demuxer-ogg: 62fdf1f143b41e24485cea50d1cbac27 -> 
  custom:video-decoder-webm-vp8: 9c59270c3fd7afecdb556c50c9e8de78 -> 
  custom:audio-decoder-ogg-vorbis: bf7c407c2cedff20999df2af8eb42d56 -> 
========================================================================
Received Import Request.
  Time since last request: 233.722074 seconds.
  path: Assets/Scripts/SwapScene.cs
  artifactKey: Guid(b999263f3af436d489fc747cef2b9aa3) Importer(815301076,1909f56bfc062723c751e8b465ee728b)
Start importing Assets/Scripts/SwapScene.cs using Guid(b999263f3af436d489fc747cef2b9aa3) Importer(815301076,1909f56bfc062723c751e8b465ee728b)  -> (artifact id: '6e678a210b070d301f63cff552a56c5f') in 0.005667 seconds 
========================================================================
Received Import Request.
  Time since last request: 71.060071 seconds.
  path: Assets/Scripts/SwapScene.cs
  artifactKey: Guid(b999263f3af436d489fc747cef2b9aa3) Importer(815301076,1909f56bfc062723c751e8b465ee728b)
Start importing Assets/Scripts/SwapScene.cs using Guid(b999263f3af436d489fc747cef2b9aa3) Importer(815301076,1909f56bfc062723c751e8b465ee728b)  -> (artifact id: '8c4c34c7c875de7c458c00d25ddacdf3') in 0.001500 seconds 
========================================================================
Received Prepare
Registering precompiled user dll's ...
Registered in 0.003674 seconds.
Begin MonoManager ReloadAssembly
Symbol file LoadedFromMemory doesn't match image D:\Computer Science\Unity\Current Games\Suxtion\SuxtionGame\Library\PackageCache\com.unity.visualscripting@1.7.8\Editor\VisualScripting.Core\Dependencies\YamlDotNet\Unity.VisualScripting.YamlDotNet.dll
Symbol file LoadedFromMemory doesn't match image D:\Computer Science\Unity\Current Games\Suxtion\SuxtionGame\Library\PackageCache\com.unity.visualscripting@1.7.8\Editor\VisualScripting.Core\Dependencies\DotNetZip\Unity.VisualScripting.IonicZip.dll
Native extension for WindowsStandalone target not found
Native extension for Android target not found
Refreshing native plugins compatible for Editor in 0.52 ms, found 3 plugins.
Preloading 0 native plugins for Editor in 0.00 ms.
Mono: successfully reloaded assembly
- Completed reload, in  0.915 seconds
Domain Reload Profiling:
	ReloadAssembly (915ms)
		BeginReloadAssembly (113ms)
			ExecutionOrderSort (0ms)
			DisableScriptedObjects (6ms)
			BackupInstance (0ms)
			ReleaseScriptingObjects (0ms)
			CreateAndSetChildDomain (30ms)
		EndReloadAssembly (720ms)
			LoadAssemblies (78ms)
			RebuildTransferFunctionScriptingTraits (0ms)
			SetupTypeCache (261ms)
				TypeCache.Initialize (256ms)
					TypeCache.ScanAssembly (250ms)
				ResolveRequiredComponents (4ms)
			ReleaseScriptCaches (1ms)
			RebuildScriptCaches (34ms)
			SetupLoadedEditorAssemblies (288ms)
				LogAssemblyErrors (0ms)
				InitializePlatformSupportModulesInManaged (18ms)
				SetLoadedEditorAssemblies (6ms)
				RefreshPlugins (1ms)
				BeforeProcessingInitializeOnLoad (52ms)
				ProcessInitializeOnLoadAttributes (183ms)
				ProcessInitializeOnLoadMethodAttributes (23ms)
				AfterProcessingInitializeOnLoad (5ms)
				EditorAssembliesLoaded (0ms)
			ExecutionOrderSort2 (0ms)
			AwakeInstancesAfterBackupRestoration (5ms)
Platform modules already initialized, skipping
Refreshing native plugins compatible for Editor in 1.30 ms, found 3 plugins.
Preloading 0 native plugins for Editor in 0.00 ms.
Unloading 3406 Unused Serialized files (Serialized files now loaded: 0)
Unloading 32 unused Assets / (0.7 MB). Loaded Objects now: 3976.
Memory consumption went from 0.52 GB to 0.52 GB.
Total: 2.886400 ms (FindLiveObjects: 0.241400 ms CreateObjectMapping: 0.162900 ms MarkObjects: 2.187300 ms  DeleteObjects: 0.294000 ms)

AssetImportParameters requested are different than current active one (requested -> active):
  custom:video-decoder-ogg-theora: a1e56fd34408186e4bbccfd4996cb3dc -> 
  custom:container-muxer-webm: aa71ff27fc2769a1b78a27578f13a17b -> 
  custom:container-demuxer-webm: 4f35f7cbe854078d1ac9338744f61a02 -> 
  custom:video-encoder-webm-vp8: eb34c28f22e8b96e1ab97ce403110664 -> 
  custom:audio-encoder-webm-vorbis: bf7c407c2cedff20999df2af8eb42d56 -> 
  custom:framework-win-MediaFoundation: 216162199b28c13a410421893ffa2e32 -> 
  custom:container-demuxer-ogg: 62fdf1f143b41e24485cea50d1cbac27 -> 
  custom:video-decoder-webm-vp8: 9c59270c3fd7afecdb556c50c9e8de78 -> 
  custom:audio-decoder-ogg-vorbis: bf7c407c2cedff20999df2af8eb42d56 -> 
